<?xml version="1.0" encoding="UTF-8"?>
<testng-results skipped="0" failed="0" ignored="12" total="102" passed="90">
  <reporter-output>
    <line>
      <![CDATA[Extent Report DirectoryC:\Users\Tanim Imani\IdeaProjects\WebAutomation\CNN\test-output\html]]>
    </line>
  </reporter-output>
  <suite name="CNN Automation Script " duration-ms="802408" started-at="2019-10-04T19:11:41 EDT" finished-at="2019-10-04T19:25:03 EDT">
    <groups>
    </groups>
    <test name="CNN HomePage Test" duration-ms="802408" started-at="2019-10-04T19:11:41 EDT" finished-at="2019-10-04T19:25:03 EDT">
      <class name="home.TestTypeText">
        <test-method status="PASS" signature="setUp(java.lang.String)[pri:0, instance:home.TestTypeText@2b98378d]" name="setUp" is-config="true" duration-ms="7365" started-at="2019-10-04T19:17:50 EDT" finished-at="2019-10-04T19:17:58 EDT">
          <params>
            <param index="0">
              <value>
                <![CDATA[https://www.cnn.com]]>
              </value>
            </param>
          </params>
          <reporter-output>
          </reporter-output>
        </test-method> <!-- setUp -->
        <test-method status="PASS" signature="startExtent(java.lang.reflect.Method)[pri:0, instance:home.TestTypeText@2b98378d]" name="startExtent" is-config="true" duration-ms="0" started-at="2019-10-04T19:17:58 EDT" finished-at="2019-10-04T19:17:58 EDT">
          <params>
            <param index="0">
              <value>
                <![CDATA[public void home.TestTypeText.typeBusiness()]]>
              </value>
            </param>
          </params>
          <reporter-output>
          </reporter-output>
        </test-method> <!-- startExtent -->
        <test-method status="PASS" signature="typeBusiness()[pri:0, instance:home.TestTypeText@2b98378d]" name="typeBusiness" duration-ms="1" started-at="2019-10-04T19:17:58 EDT" finished-at="2019-10-04T19:17:58 EDT">
          <reporter-output>
          </reporter-output>
        </test-method> <!-- typeBusiness -->
        <test-method status="PASS" signature="afterEachTestMethod(org.testng.ITestResult)[pri:0, instance:home.TestTypeText@2b98378d]" name="afterEachTestMethod" is-config="true" duration-ms="31" started-at="2019-10-04T19:17:58 EDT" finished-at="2019-10-04T19:17:58 EDT">
          <params>
            <param index="0">
              <value>
                <![CDATA[[TestResult name=typeBusiness status=SUCCESS method=TestTypeText.typeBusiness()[pri:0, instance:home.TestTypeText@2b98378d] output={null}]]]>
              </value>
            </param>
          </params>
          <reporter-output>
          </reporter-output>
        </test-method> <!-- afterEachTestMethod -->
        <test-method status="PASS" signature="cleanUp()[pri:0, instance:home.TestTypeText@2b98378d]" name="cleanUp" is-config="true" duration-ms="340" started-at="2019-10-04T19:17:58 EDT" finished-at="2019-10-04T19:17:58 EDT">
          <reporter-output>
          </reporter-output>
        </test-method> <!-- cleanUp -->
        <test-method status="PASS" signature="setUp(java.lang.String)[pri:0, instance:home.TestTypeText@2b98378d]" name="setUp" is-config="true" duration-ms="7784" started-at="2019-10-04T19:17:58 EDT" finished-at="2019-10-04T19:18:06 EDT">
          <params>
            <param index="0">
              <value>
                <![CDATA[https://www.cnn.com]]>
              </value>
            </param>
          </params>
          <reporter-output>
          </reporter-output>
        </test-method> <!-- setUp -->
        <test-method status="PASS" signature="startExtent(java.lang.reflect.Method)[pri:0, instance:home.TestTypeText@2b98378d]" name="startExtent" is-config="true" duration-ms="0" started-at="2019-10-04T19:18:06 EDT" finished-at="2019-10-04T19:18:06 EDT">
          <params>
            <param index="0">
              <value>
                <![CDATA[public void home.TestTypeText.typeCollege()]]>
              </value>
            </param>
          </params>
          <reporter-output>
          </reporter-output>
        </test-method> <!-- startExtent -->
        <test-method status="PASS" signature="afterEachTestMethod(org.testng.ITestResult)[pri:0, instance:home.TestTypeText@2b98378d]" name="afterEachTestMethod" is-config="true" duration-ms="68" started-at="2019-10-04T19:18:06 EDT" finished-at="2019-10-04T19:18:06 EDT">
          <params>
            <param index="0">
              <value>
                <![CDATA[[TestResult name=typeCollege status=SUCCESS method=TestTypeText.typeCollege()[pri:0, instance:home.TestTypeText@2b98378d] output={null}]]]>
              </value>
            </param>
          </params>
          <reporter-output>
          </reporter-output>
        </test-method> <!-- afterEachTestMethod -->
        <test-method status="PASS" signature="typeCollege()[pri:0, instance:home.TestTypeText@2b98378d]" name="typeCollege" duration-ms="0" started-at="2019-10-04T19:18:06 EDT" finished-at="2019-10-04T19:18:06 EDT">
          <reporter-output>
          </reporter-output>
        </test-method> <!-- typeCollege -->
        <test-method status="PASS" signature="cleanUp()[pri:0, instance:home.TestTypeText@2b98378d]" name="cleanUp" is-config="true" duration-ms="305" started-at="2019-10-04T19:18:06 EDT" finished-at="2019-10-04T19:18:06 EDT">
          <reporter-output>
          </reporter-output>
        </test-method> <!-- cleanUp -->
        <test-method status="PASS" signature="setUp(java.lang.String)[pri:0, instance:home.TestTypeText@2b98378d]" name="setUp" is-config="true" duration-ms="7108" started-at="2019-10-04T19:18:06 EDT" finished-at="2019-10-04T19:18:13 EDT">
          <params>
            <param index="0">
              <value>
                <![CDATA[https://www.cnn.com]]>
              </value>
            </param>
          </params>
          <reporter-output>
          </reporter-output>
        </test-method> <!-- setUp -->
        <test-method status="PASS" signature="startExtent(java.lang.reflect.Method)[pri:0, instance:home.TestTypeText@2b98378d]" name="startExtent" is-config="true" duration-ms="1" started-at="2019-10-04T19:18:13 EDT" finished-at="2019-10-04T19:18:13 EDT">
          <params>
            <param index="0">
              <value>
                <![CDATA[public void home.TestTypeText.typeConstitution()]]>
              </value>
            </param>
          </params>
          <reporter-output>
          </reporter-output>
        </test-method> <!-- startExtent -->
        <test-method status="PASS" signature="afterEachTestMethod(org.testng.ITestResult)[pri:0, instance:home.TestTypeText@2b98378d]" name="afterEachTestMethod" is-config="true" duration-ms="24" started-at="2019-10-04T19:18:13 EDT" finished-at="2019-10-04T19:18:13 EDT">
          <params>
            <param index="0">
              <value>
                <![CDATA[[TestResult name=typeConstitution status=SUCCESS method=TestTypeText.typeConstitution()[pri:0, instance:home.TestTypeText@2b98378d] output={null}]]]>
              </value>
            </param>
          </params>
          <reporter-output>
          </reporter-output>
        </test-method> <!-- afterEachTestMethod -->
        <test-method status="PASS" signature="typeConstitution()[pri:0, instance:home.TestTypeText@2b98378d]" name="typeConstitution" duration-ms="0" started-at="2019-10-04T19:18:13 EDT" finished-at="2019-10-04T19:18:13 EDT">
          <reporter-output>
          </reporter-output>
        </test-method> <!-- typeConstitution -->
        <test-method status="PASS" signature="cleanUp()[pri:0, instance:home.TestTypeText@2b98378d]" name="cleanUp" is-config="true" duration-ms="281" started-at="2019-10-04T19:18:13 EDT" finished-at="2019-10-04T19:18:14 EDT">
          <reporter-output>
          </reporter-output>
        </test-method> <!-- cleanUp -->
        <test-method status="PASS" signature="setUp(java.lang.String)[pri:0, instance:home.TestTypeText@2b98378d]" name="setUp" is-config="true" duration-ms="7153" started-at="2019-10-04T19:18:14 EDT" finished-at="2019-10-04T19:18:21 EDT">
          <params>
            <param index="0">
              <value>
                <![CDATA[https://www.cnn.com]]>
              </value>
            </param>
          </params>
          <reporter-output>
          </reporter-output>
        </test-method> <!-- setUp -->
        <test-method status="PASS" signature="startExtent(java.lang.reflect.Method)[pri:0, instance:home.TestTypeText@2b98378d]" name="startExtent" is-config="true" duration-ms="1" started-at="2019-10-04T19:18:21 EDT" finished-at="2019-10-04T19:18:21 EDT">
          <params>
            <param index="0">
              <value>
                <![CDATA[public void home.TestTypeText.typeDemocrats()]]>
              </value>
            </param>
          </params>
          <reporter-output>
          </reporter-output>
        </test-method> <!-- startExtent -->
        <test-method status="PASS" signature="typeDemocrats()[pri:0, instance:home.TestTypeText@2b98378d]" name="typeDemocrats" duration-ms="0" started-at="2019-10-04T19:18:21 EDT" finished-at="2019-10-04T19:18:21 EDT">
          <reporter-output>
          </reporter-output>
        </test-method> <!-- typeDemocrats -->
        <test-method status="PASS" signature="afterEachTestMethod(org.testng.ITestResult)[pri:0, instance:home.TestTypeText@2b98378d]" name="afterEachTestMethod" is-config="true" duration-ms="39" started-at="2019-10-04T19:18:21 EDT" finished-at="2019-10-04T19:18:21 EDT">
          <params>
            <param index="0">
              <value>
                <![CDATA[[TestResult name=typeDemocrats status=SUCCESS method=TestTypeText.typeDemocrats()[pri:0, instance:home.TestTypeText@2b98378d] output={null}]]]>
              </value>
            </param>
          </params>
          <reporter-output>
          </reporter-output>
        </test-method> <!-- afterEachTestMethod -->
        <test-method status="PASS" signature="cleanUp()[pri:0, instance:home.TestTypeText@2b98378d]" name="cleanUp" is-config="true" duration-ms="352" started-at="2019-10-04T19:18:21 EDT" finished-at="2019-10-04T19:18:21 EDT">
          <reporter-output>
          </reporter-output>
        </test-method> <!-- cleanUp -->
        <test-method status="PASS" signature="setUp(java.lang.String)[pri:0, instance:home.TestTypeText@2b98378d]" name="setUp" is-config="true" duration-ms="7410" started-at="2019-10-04T19:18:21 EDT" finished-at="2019-10-04T19:18:29 EDT">
          <params>
            <param index="0">
              <value>
                <![CDATA[https://www.cnn.com]]>
              </value>
            </param>
          </params>
          <reporter-output>
          </reporter-output>
        </test-method> <!-- setUp -->
        <test-method status="PASS" signature="startExtent(java.lang.reflect.Method)[pri:0, instance:home.TestTypeText@2b98378d]" name="startExtent" is-config="true" duration-ms="1" started-at="2019-10-04T19:18:29 EDT" finished-at="2019-10-04T19:18:29 EDT">
          <params>
            <param index="0">
              <value>
                <![CDATA[public void home.TestTypeText.typeEconomy()]]>
              </value>
            </param>
          </params>
          <reporter-output>
          </reporter-output>
        </test-method> <!-- startExtent -->
        <test-method status="PASS" signature="typeEconomy()[pri:0, instance:home.TestTypeText@2b98378d]" name="typeEconomy" duration-ms="0" started-at="2019-10-04T19:18:29 EDT" finished-at="2019-10-04T19:18:29 EDT">
          <reporter-output>
          </reporter-output>
        </test-method> <!-- typeEconomy -->
        <test-method status="PASS" signature="afterEachTestMethod(org.testng.ITestResult)[pri:0, instance:home.TestTypeText@2b98378d]" name="afterEachTestMethod" is-config="true" duration-ms="30" started-at="2019-10-04T19:18:29 EDT" finished-at="2019-10-04T19:18:29 EDT">
          <params>
            <param index="0">
              <value>
                <![CDATA[[TestResult name=typeEconomy status=SUCCESS method=TestTypeText.typeEconomy()[pri:0, instance:home.TestTypeText@2b98378d] output={null}]]]>
              </value>
            </param>
          </params>
          <reporter-output>
          </reporter-output>
        </test-method> <!-- afterEachTestMethod -->
        <test-method status="PASS" signature="cleanUp()[pri:0, instance:home.TestTypeText@2b98378d]" name="cleanUp" is-config="true" duration-ms="328" started-at="2019-10-04T19:18:29 EDT" finished-at="2019-10-04T19:18:29 EDT">
          <reporter-output>
          </reporter-output>
        </test-method> <!-- cleanUp -->
        <test-method status="PASS" signature="setUp(java.lang.String)[pri:0, instance:home.TestTypeText@2b98378d]" name="setUp" is-config="true" duration-ms="9292" started-at="2019-10-04T19:18:29 EDT" finished-at="2019-10-04T19:18:38 EDT">
          <params>
            <param index="0">
              <value>
                <![CDATA[https://www.cnn.com]]>
              </value>
            </param>
          </params>
          <reporter-output>
          </reporter-output>
        </test-method> <!-- setUp -->
        <test-method status="PASS" signature="startExtent(java.lang.reflect.Method)[pri:0, instance:home.TestTypeText@2b98378d]" name="startExtent" is-config="true" duration-ms="0" started-at="2019-10-04T19:18:38 EDT" finished-at="2019-10-04T19:18:38 EDT">
          <params>
            <param index="0">
              <value>
                <![CDATA[public void home.TestTypeText.typeFBI()]]>
              </value>
            </param>
          </params>
          <reporter-output>
          </reporter-output>
        </test-method> <!-- startExtent -->
        <test-method status="PASS" signature="afterEachTestMethod(org.testng.ITestResult)[pri:0, instance:home.TestTypeText@2b98378d]" name="afterEachTestMethod" is-config="true" duration-ms="24" started-at="2019-10-04T19:18:38 EDT" finished-at="2019-10-04T19:18:38 EDT">
          <params>
            <param index="0">
              <value>
                <![CDATA[[TestResult name=typeFBI status=SUCCESS method=TestTypeText.typeFBI()[pri:0, instance:home.TestTypeText@2b98378d] output={null}]]]>
              </value>
            </param>
          </params>
          <reporter-output>
          </reporter-output>
        </test-method> <!-- afterEachTestMethod -->
        <test-method status="PASS" signature="typeFBI()[pri:0, instance:home.TestTypeText@2b98378d]" name="typeFBI" duration-ms="0" started-at="2019-10-04T19:18:38 EDT" finished-at="2019-10-04T19:18:38 EDT">
          <reporter-output>
          </reporter-output>
        </test-method> <!-- typeFBI -->
        <test-method status="PASS" signature="cleanUp()[pri:0, instance:home.TestTypeText@2b98378d]" name="cleanUp" is-config="true" duration-ms="225" started-at="2019-10-04T19:18:38 EDT" finished-at="2019-10-04T19:18:38 EDT">
          <reporter-output>
          </reporter-output>
        </test-method> <!-- cleanUp -->
        <test-method status="PASS" signature="setUp(java.lang.String)[pri:0, instance:home.TestTypeText@2b98378d]" name="setUp" is-config="true" duration-ms="7168" started-at="2019-10-04T19:18:38 EDT" finished-at="2019-10-04T19:18:46 EDT">
          <params>
            <param index="0">
              <value>
                <![CDATA[https://www.cnn.com]]>
              </value>
            </param>
          </params>
          <reporter-output>
          </reporter-output>
        </test-method> <!-- setUp -->
        <test-method status="PASS" signature="startExtent(java.lang.reflect.Method)[pri:0, instance:home.TestTypeText@2b98378d]" name="startExtent" is-config="true" duration-ms="1" started-at="2019-10-04T19:18:46 EDT" finished-at="2019-10-04T19:18:46 EDT">
          <params>
            <param index="0">
              <value>
                <![CDATA[public void home.TestTypeText.typeGadget()]]>
              </value>
            </param>
          </params>
          <reporter-output>
          </reporter-output>
        </test-method> <!-- startExtent -->
        <test-method status="PASS" signature="typeGadget()[pri:0, instance:home.TestTypeText@2b98378d]" name="typeGadget" duration-ms="1" started-at="2019-10-04T19:18:46 EDT" finished-at="2019-10-04T19:18:46 EDT">
          <reporter-output>
          </reporter-output>
        </test-method> <!-- typeGadget -->
        <test-method status="PASS" signature="afterEachTestMethod(org.testng.ITestResult)[pri:0, instance:home.TestTypeText@2b98378d]" name="afterEachTestMethod" is-config="true" duration-ms="71" started-at="2019-10-04T19:18:46 EDT" finished-at="2019-10-04T19:18:46 EDT">
          <params>
            <param index="0">
              <value>
                <![CDATA[[TestResult name=typeGadget status=SUCCESS method=TestTypeText.typeGadget()[pri:0, instance:home.TestTypeText@2b98378d] output={null}]]]>
              </value>
            </param>
          </params>
          <reporter-output>
          </reporter-output>
        </test-method> <!-- afterEachTestMethod -->
        <test-method status="PASS" signature="cleanUp()[pri:0, instance:home.TestTypeText@2b98378d]" name="cleanUp" is-config="true" duration-ms="408" started-at="2019-10-04T19:18:46 EDT" finished-at="2019-10-04T19:18:46 EDT">
          <reporter-output>
          </reporter-output>
        </test-method> <!-- cleanUp -->
        <test-method status="PASS" signature="setUp(java.lang.String)[pri:0, instance:home.TestTypeText@2b98378d]" name="setUp" is-config="true" duration-ms="6326" started-at="2019-10-04T19:18:46 EDT" finished-at="2019-10-04T19:18:52 EDT">
          <params>
            <param index="0">
              <value>
                <![CDATA[https://www.cnn.com]]>
              </value>
            </param>
          </params>
          <reporter-output>
          </reporter-output>
        </test-method> <!-- setUp -->
        <test-method status="PASS" signature="startExtent(java.lang.reflect.Method)[pri:0, instance:home.TestTypeText@2b98378d]" name="startExtent" is-config="true" duration-ms="1" started-at="2019-10-04T19:18:52 EDT" finished-at="2019-10-04T19:18:52 EDT">
          <params>
            <param index="0">
              <value>
                <![CDATA[public void home.TestTypeText.typeGmailDarkMode()]]>
              </value>
            </param>
          </params>
          <reporter-output>
          </reporter-output>
        </test-method> <!-- startExtent -->
        <test-method status="PASS" signature="afterEachTestMethod(org.testng.ITestResult)[pri:0, instance:home.TestTypeText@2b98378d]" name="afterEachTestMethod" is-config="true" duration-ms="29" started-at="2019-10-04T19:18:52 EDT" finished-at="2019-10-04T19:18:52 EDT">
          <params>
            <param index="0">
              <value>
                <![CDATA[[TestResult name=typeGmailDarkMode status=SUCCESS method=TestTypeText.typeGmailDarkMode()[pri:0, instance:home.TestTypeText@2b98378d] output={null}]]]>
              </value>
            </param>
          </params>
          <reporter-output>
          </reporter-output>
        </test-method> <!-- afterEachTestMethod -->
        <test-method status="PASS" signature="typeGmailDarkMode()[pri:0, instance:home.TestTypeText@2b98378d]" name="typeGmailDarkMode" duration-ms="0" started-at="2019-10-04T19:18:52 EDT" finished-at="2019-10-04T19:18:52 EDT">
          <reporter-output>
          </reporter-output>
        </test-method> <!-- typeGmailDarkMode -->
        <test-method status="PASS" signature="cleanUp()[pri:0, instance:home.TestTypeText@2b98378d]" name="cleanUp" is-config="true" duration-ms="227" started-at="2019-10-04T19:18:52 EDT" finished-at="2019-10-04T19:18:53 EDT">
          <reporter-output>
          </reporter-output>
        </test-method> <!-- cleanUp -->
        <test-method status="PASS" signature="setUp(java.lang.String)[pri:0, instance:home.TestTypeText@2b98378d]" name="setUp" is-config="true" duration-ms="6242" started-at="2019-10-04T19:18:53 EDT" finished-at="2019-10-04T19:18:59 EDT">
          <params>
            <param index="0">
              <value>
                <![CDATA[https://www.cnn.com]]>
              </value>
            </param>
          </params>
          <reporter-output>
          </reporter-output>
        </test-method> <!-- setUp -->
        <test-method status="PASS" signature="startExtent(java.lang.reflect.Method)[pri:0, instance:home.TestTypeText@2b98378d]" name="startExtent" is-config="true" duration-ms="1" started-at="2019-10-04T19:18:59 EDT" finished-at="2019-10-04T19:18:59 EDT">
          <params>
            <param index="0">
              <value>
                <![CDATA[public void home.TestTypeText.typeImpeachment()]]>
              </value>
            </param>
          </params>
          <reporter-output>
          </reporter-output>
        </test-method> <!-- startExtent -->
        <test-method status="PASS" signature="afterEachTestMethod(org.testng.ITestResult)[pri:0, instance:home.TestTypeText@2b98378d]" name="afterEachTestMethod" is-config="true" duration-ms="27" started-at="2019-10-04T19:18:59 EDT" finished-at="2019-10-04T19:18:59 EDT">
          <params>
            <param index="0">
              <value>
                <![CDATA[[TestResult name=typeImpeachment status=SUCCESS method=TestTypeText.typeImpeachment()[pri:0, instance:home.TestTypeText@2b98378d] output={null}]]]>
              </value>
            </param>
          </params>
          <reporter-output>
          </reporter-output>
        </test-method> <!-- afterEachTestMethod -->
        <test-method status="PASS" signature="typeImpeachment()[pri:0, instance:home.TestTypeText@2b98378d]" name="typeImpeachment" duration-ms="0" started-at="2019-10-04T19:18:59 EDT" finished-at="2019-10-04T19:18:59 EDT">
          <reporter-output>
          </reporter-output>
        </test-method> <!-- typeImpeachment -->
        <test-method status="PASS" signature="cleanUp()[pri:0, instance:home.TestTypeText@2b98378d]" name="cleanUp" is-config="true" duration-ms="2439" started-at="2019-10-04T19:18:59 EDT" finished-at="2019-10-04T19:19:01 EDT">
          <reporter-output>
          </reporter-output>
        </test-method> <!-- cleanUp -->
        <test-method status="PASS" signature="setUp(java.lang.String)[pri:0, instance:home.TestTypeText@2b98378d]" name="setUp" is-config="true" duration-ms="11200" started-at="2019-10-04T19:19:01 EDT" finished-at="2019-10-04T19:19:13 EDT">
          <params>
            <param index="0">
              <value>
                <![CDATA[https://www.cnn.com]]>
              </value>
            </param>
          </params>
          <reporter-output>
          </reporter-output>
        </test-method> <!-- setUp -->
        <test-method status="PASS" signature="typeIphone()[pri:0, instance:home.TestTypeText@2b98378d]" name="typeIphone" duration-ms="1" started-at="2019-10-04T19:19:13 EDT" finished-at="2019-10-04T19:19:13 EDT">
          <reporter-output>
          </reporter-output>
        </test-method> <!-- typeIphone -->
        <test-method status="PASS" signature="startExtent(java.lang.reflect.Method)[pri:0, instance:home.TestTypeText@2b98378d]" name="startExtent" is-config="true" duration-ms="0" started-at="2019-10-04T19:19:13 EDT" finished-at="2019-10-04T19:19:13 EDT">
          <params>
            <param index="0">
              <value>
                <![CDATA[public void home.TestTypeText.typeIphone()]]>
              </value>
            </param>
          </params>
          <reporter-output>
          </reporter-output>
        </test-method> <!-- startExtent -->
        <test-method status="PASS" signature="afterEachTestMethod(org.testng.ITestResult)[pri:0, instance:home.TestTypeText@2b98378d]" name="afterEachTestMethod" is-config="true" duration-ms="33" started-at="2019-10-04T19:19:13 EDT" finished-at="2019-10-04T19:19:13 EDT">
          <params>
            <param index="0">
              <value>
                <![CDATA[[TestResult name=typeIphone status=SUCCESS method=TestTypeText.typeIphone()[pri:0, instance:home.TestTypeText@2b98378d] output={null}]]]>
              </value>
            </param>
          </params>
          <reporter-output>
          </reporter-output>
        </test-method> <!-- afterEachTestMethod -->
        <test-method status="PASS" signature="cleanUp()[pri:0, instance:home.TestTypeText@2b98378d]" name="cleanUp" is-config="true" duration-ms="397" started-at="2019-10-04T19:19:13 EDT" finished-at="2019-10-04T19:19:13 EDT">
          <reporter-output>
          </reporter-output>
        </test-method> <!-- cleanUp -->
        <test-method status="PASS" signature="setUp(java.lang.String)[pri:0, instance:home.TestTypeText@2b98378d]" name="setUp" is-config="true" duration-ms="7567" started-at="2019-10-04T19:19:13 EDT" finished-at="2019-10-04T19:19:21 EDT">
          <params>
            <param index="0">
              <value>
                <![CDATA[https://www.cnn.com]]>
              </value>
            </param>
          </params>
          <reporter-output>
          </reporter-output>
        </test-method> <!-- setUp -->
        <test-method status="PASS" signature="afterEachTestMethod(org.testng.ITestResult)[pri:0, instance:home.TestTypeText@2b98378d]" name="afterEachTestMethod" is-config="true" duration-ms="33" started-at="2019-10-04T19:19:21 EDT" finished-at="2019-10-04T19:19:21 EDT">
          <params>
            <param index="0">
              <value>
                <![CDATA[[TestResult name=typeIphonePro status=SUCCESS method=TestTypeText.typeIphonePro()[pri:0, instance:home.TestTypeText@2b98378d] output={null}]]]>
              </value>
            </param>
          </params>
          <reporter-output>
          </reporter-output>
        </test-method> <!-- afterEachTestMethod -->
        <test-method status="PASS" signature="startExtent(java.lang.reflect.Method)[pri:0, instance:home.TestTypeText@2b98378d]" name="startExtent" is-config="true" duration-ms="0" started-at="2019-10-04T19:19:21 EDT" finished-at="2019-10-04T19:19:21 EDT">
          <params>
            <param index="0">
              <value>
                <![CDATA[public void home.TestTypeText.typeIphonePro()]]>
              </value>
            </param>
          </params>
          <reporter-output>
          </reporter-output>
        </test-method> <!-- startExtent -->
        <test-method status="PASS" signature="typeIphonePro()[pri:0, instance:home.TestTypeText@2b98378d]" name="typeIphonePro" duration-ms="0" started-at="2019-10-04T19:19:21 EDT" finished-at="2019-10-04T19:19:21 EDT">
          <reporter-output>
          </reporter-output>
        </test-method> <!-- typeIphonePro -->
        <test-method status="PASS" signature="cleanUp()[pri:0, instance:home.TestTypeText@2b98378d]" name="cleanUp" is-config="true" duration-ms="325" started-at="2019-10-04T19:19:21 EDT" finished-at="2019-10-04T19:19:21 EDT">
          <reporter-output>
          </reporter-output>
        </test-method> <!-- cleanUp -->
        <test-method status="PASS" signature="setUp(java.lang.String)[pri:0, instance:home.TestTypeText@2b98378d]" name="setUp" is-config="true" duration-ms="6995" started-at="2019-10-04T19:19:21 EDT" finished-at="2019-10-04T19:19:28 EDT">
          <params>
            <param index="0">
              <value>
                <![CDATA[https://www.cnn.com]]>
              </value>
            </param>
          </params>
          <reporter-output>
          </reporter-output>
        </test-method> <!-- setUp -->
        <test-method status="PASS" signature="startExtent(java.lang.reflect.Method)[pri:0, instance:home.TestTypeText@2b98378d]" name="startExtent" is-config="true" duration-ms="0" started-at="2019-10-04T19:19:28 EDT" finished-at="2019-10-04T19:19:28 EDT">
          <params>
            <param index="0">
              <value>
                <![CDATA[public void home.TestTypeText.typeJoeBiden()]]>
              </value>
            </param>
          </params>
          <reporter-output>
          </reporter-output>
        </test-method> <!-- startExtent -->
        <test-method status="PASS" signature="afterEachTestMethod(org.testng.ITestResult)[pri:0, instance:home.TestTypeText@2b98378d]" name="afterEachTestMethod" is-config="true" duration-ms="37" started-at="2019-10-04T19:19:28 EDT" finished-at="2019-10-04T19:19:28 EDT">
          <params>
            <param index="0">
              <value>
                <![CDATA[[TestResult name=typeJoeBiden status=SUCCESS method=TestTypeText.typeJoeBiden()[pri:0, instance:home.TestTypeText@2b98378d] output={null}]]]>
              </value>
            </param>
          </params>
          <reporter-output>
          </reporter-output>
        </test-method> <!-- afterEachTestMethod -->
        <test-method status="PASS" signature="typeJoeBiden()[pri:0, instance:home.TestTypeText@2b98378d]" name="typeJoeBiden" duration-ms="0" started-at="2019-10-04T19:19:28 EDT" finished-at="2019-10-04T19:19:28 EDT">
          <reporter-output>
          </reporter-output>
        </test-method> <!-- typeJoeBiden -->
        <test-method status="PASS" signature="cleanUp()[pri:0, instance:home.TestTypeText@2b98378d]" name="cleanUp" is-config="true" duration-ms="364" started-at="2019-10-04T19:19:28 EDT" finished-at="2019-10-04T19:19:28 EDT">
          <reporter-output>
          </reporter-output>
        </test-method> <!-- cleanUp -->
        <test-method status="PASS" signature="setUp(java.lang.String)[pri:0, instance:home.TestTypeText@2b98378d]" name="setUp" is-config="true" duration-ms="5974" started-at="2019-10-04T19:19:28 EDT" finished-at="2019-10-04T19:19:34 EDT">
          <params>
            <param index="0">
              <value>
                <![CDATA[https://www.cnn.com]]>
              </value>
            </param>
          </params>
          <reporter-output>
          </reporter-output>
        </test-method> <!-- setUp -->
        <test-method status="PASS" signature="startExtent(java.lang.reflect.Method)[pri:0, instance:home.TestTypeText@2b98378d]" name="startExtent" is-config="true" duration-ms="1" started-at="2019-10-04T19:19:34 EDT" finished-at="2019-10-04T19:19:34 EDT">
          <params>
            <param index="0">
              <value>
                <![CDATA[public void home.TestTypeText.typeJustinBieber()]]>
              </value>
            </param>
          </params>
          <reporter-output>
          </reporter-output>
        </test-method> <!-- startExtent -->
        <test-method status="PASS" signature="typeJustinBieber()[pri:0, instance:home.TestTypeText@2b98378d]" name="typeJustinBieber" duration-ms="0" started-at="2019-10-04T19:19:34 EDT" finished-at="2019-10-04T19:19:34 EDT">
          <reporter-output>
          </reporter-output>
        </test-method> <!-- typeJustinBieber -->
        <test-method status="PASS" signature="afterEachTestMethod(org.testng.ITestResult)[pri:0, instance:home.TestTypeText@2b98378d]" name="afterEachTestMethod" is-config="true" duration-ms="28" started-at="2019-10-04T19:19:34 EDT" finished-at="2019-10-04T19:19:34 EDT">
          <params>
            <param index="0">
              <value>
                <![CDATA[[TestResult name=typeJustinBieber status=SUCCESS method=TestTypeText.typeJustinBieber()[pri:0, instance:home.TestTypeText@2b98378d] output={null}]]]>
              </value>
            </param>
          </params>
          <reporter-output>
          </reporter-output>
        </test-method> <!-- afterEachTestMethod -->
        <test-method status="PASS" signature="cleanUp()[pri:0, instance:home.TestTypeText@2b98378d]" name="cleanUp" is-config="true" duration-ms="223" started-at="2019-10-04T19:19:34 EDT" finished-at="2019-10-04T19:19:35 EDT">
          <reporter-output>
          </reporter-output>
        </test-method> <!-- cleanUp -->
        <test-method status="PASS" signature="setUp(java.lang.String)[pri:0, instance:home.TestTypeText@2b98378d]" name="setUp" is-config="true" duration-ms="12584" started-at="2019-10-04T19:19:35 EDT" finished-at="2019-10-04T19:19:47 EDT">
          <params>
            <param index="0">
              <value>
                <![CDATA[https://www.cnn.com]]>
              </value>
            </param>
          </params>
          <reporter-output>
          </reporter-output>
        </test-method> <!-- setUp -->
        <test-method status="PASS" signature="startExtent(java.lang.reflect.Method)[pri:0, instance:home.TestTypeText@2b98378d]" name="startExtent" is-config="true" duration-ms="1" started-at="2019-10-04T19:19:47 EDT" finished-at="2019-10-04T19:19:47 EDT">
          <params>
            <param index="0">
              <value>
                <![CDATA[public void home.TestTypeText.typeMichellePhan()]]>
              </value>
            </param>
          </params>
          <reporter-output>
          </reporter-output>
        </test-method> <!-- startExtent -->
        <test-method status="PASS" signature="typeMichellePhan()[pri:0, instance:home.TestTypeText@2b98378d]" name="typeMichellePhan" duration-ms="0" started-at="2019-10-04T19:19:47 EDT" finished-at="2019-10-04T19:19:47 EDT">
          <reporter-output>
          </reporter-output>
        </test-method> <!-- typeMichellePhan -->
        <test-method status="PASS" signature="afterEachTestMethod(org.testng.ITestResult)[pri:0, instance:home.TestTypeText@2b98378d]" name="afterEachTestMethod" is-config="true" duration-ms="42" started-at="2019-10-04T19:19:47 EDT" finished-at="2019-10-04T19:19:47 EDT">
          <params>
            <param index="0">
              <value>
                <![CDATA[[TestResult name=typeMichellePhan status=SUCCESS method=TestTypeText.typeMichellePhan()[pri:0, instance:home.TestTypeText@2b98378d] output={null}]]]>
              </value>
            </param>
          </params>
          <reporter-output>
          </reporter-output>
        </test-method> <!-- afterEachTestMethod -->
        <test-method status="PASS" signature="cleanUp()[pri:0, instance:home.TestTypeText@2b98378d]" name="cleanUp" is-config="true" duration-ms="396" started-at="2019-10-04T19:19:47 EDT" finished-at="2019-10-04T19:19:48 EDT">
          <reporter-output>
          </reporter-output>
        </test-method> <!-- cleanUp -->
        <test-method status="PASS" signature="setUp(java.lang.String)[pri:0, instance:home.TestTypeText@2b98378d]" name="setUp" is-config="true" duration-ms="9816" started-at="2019-10-04T19:19:48 EDT" finished-at="2019-10-04T19:19:57 EDT">
          <params>
            <param index="0">
              <value>
                <![CDATA[https://www.cnn.com]]>
              </value>
            </param>
          </params>
          <reporter-output>
          </reporter-output>
        </test-method> <!-- setUp -->
        <test-method status="PASS" signature="startExtent(java.lang.reflect.Method)[pri:0, instance:home.TestTypeText@2b98378d]" name="startExtent" is-config="true" duration-ms="0" started-at="2019-10-04T19:19:57 EDT" finished-at="2019-10-04T19:19:57 EDT">
          <params>
            <param index="0">
              <value>
                <![CDATA[public void home.TestTypeText.typeMta()]]>
              </value>
            </param>
          </params>
          <reporter-output>
          </reporter-output>
        </test-method> <!-- startExtent -->
        <test-method status="PASS" signature="typeMta()[pri:0, instance:home.TestTypeText@2b98378d]" name="typeMta" duration-ms="0" started-at="2019-10-04T19:19:57 EDT" finished-at="2019-10-04T19:19:57 EDT">
          <reporter-output>
          </reporter-output>
        </test-method> <!-- typeMta -->
        <test-method status="PASS" signature="afterEachTestMethod(org.testng.ITestResult)[pri:0, instance:home.TestTypeText@2b98378d]" name="afterEachTestMethod" is-config="true" duration-ms="29" started-at="2019-10-04T19:19:57 EDT" finished-at="2019-10-04T19:19:57 EDT">
          <params>
            <param index="0">
              <value>
                <![CDATA[[TestResult name=typeMta status=SUCCESS method=TestTypeText.typeMta()[pri:0, instance:home.TestTypeText@2b98378d] output={null}]]]>
              </value>
            </param>
          </params>
          <reporter-output>
          </reporter-output>
        </test-method> <!-- afterEachTestMethod -->
        <test-method status="PASS" signature="cleanUp()[pri:0, instance:home.TestTypeText@2b98378d]" name="cleanUp" is-config="true" duration-ms="327" started-at="2019-10-04T19:19:57 EDT" finished-at="2019-10-04T19:19:58 EDT">
          <reporter-output>
          </reporter-output>
        </test-method> <!-- cleanUp -->
        <test-method status="PASS" signature="setUp(java.lang.String)[pri:0, instance:home.TestTypeText@2b98378d]" name="setUp" is-config="true" duration-ms="7141" started-at="2019-10-04T19:19:58 EDT" finished-at="2019-10-04T19:20:05 EDT">
          <params>
            <param index="0">
              <value>
                <![CDATA[https://www.cnn.com]]>
              </value>
            </param>
          </params>
          <reporter-output>
          </reporter-output>
        </test-method> <!-- setUp -->
        <test-method status="PASS" signature="typeNYPD()[pri:0, instance:home.TestTypeText@2b98378d]" name="typeNYPD" duration-ms="0" started-at="2019-10-04T19:20:05 EDT" finished-at="2019-10-04T19:20:05 EDT">
          <reporter-output>
          </reporter-output>
        </test-method> <!-- typeNYPD -->
        <test-method status="PASS" signature="afterEachTestMethod(org.testng.ITestResult)[pri:0, instance:home.TestTypeText@2b98378d]" name="afterEachTestMethod" is-config="true" duration-ms="36" started-at="2019-10-04T19:20:05 EDT" finished-at="2019-10-04T19:20:05 EDT">
          <params>
            <param index="0">
              <value>
                <![CDATA[[TestResult name=typeNYPD status=SUCCESS method=TestTypeText.typeNYPD()[pri:0, instance:home.TestTypeText@2b98378d] output={null}]]]>
              </value>
            </param>
          </params>
          <reporter-output>
          </reporter-output>
        </test-method> <!-- afterEachTestMethod -->
        <test-method status="PASS" signature="startExtent(java.lang.reflect.Method)[pri:0, instance:home.TestTypeText@2b98378d]" name="startExtent" is-config="true" duration-ms="0" started-at="2019-10-04T19:20:05 EDT" finished-at="2019-10-04T19:20:05 EDT">
          <params>
            <param index="0">
              <value>
                <![CDATA[public void home.TestTypeText.typeNYPD()]]>
              </value>
            </param>
          </params>
          <reporter-output>
          </reporter-output>
        </test-method> <!-- startExtent -->
        <test-method status="PASS" signature="cleanUp()[pri:0, instance:home.TestTypeText@2b98378d]" name="cleanUp" is-config="true" duration-ms="304" started-at="2019-10-04T19:20:05 EDT" finished-at="2019-10-04T19:20:05 EDT">
          <reporter-output>
          </reporter-output>
        </test-method> <!-- cleanUp -->
        <test-method status="PASS" signature="setUp(java.lang.String)[pri:0, instance:home.TestTypeText@2b98378d]" name="setUp" is-config="true" duration-ms="6816" started-at="2019-10-04T19:20:05 EDT" finished-at="2019-10-04T19:20:12 EDT">
          <params>
            <param index="0">
              <value>
                <![CDATA[https://www.cnn.com]]>
              </value>
            </param>
          </params>
          <reporter-output>
          </reporter-output>
        </test-method> <!-- setUp -->
        <test-method status="PASS" signature="afterEachTestMethod(org.testng.ITestResult)[pri:0, instance:home.TestTypeText@2b98378d]" name="afterEachTestMethod" is-config="true" duration-ms="26" started-at="2019-10-04T19:20:12 EDT" finished-at="2019-10-04T19:20:12 EDT">
          <params>
            <param index="0">
              <value>
                <![CDATA[[TestResult name=typeNYSubway status=SUCCESS method=TestTypeText.typeNYSubway()[pri:0, instance:home.TestTypeText@2b98378d] output={null}]]]>
              </value>
            </param>
          </params>
          <reporter-output>
          </reporter-output>
        </test-method> <!-- afterEachTestMethod -->
        <test-method status="PASS" signature="startExtent(java.lang.reflect.Method)[pri:0, instance:home.TestTypeText@2b98378d]" name="startExtent" is-config="true" duration-ms="0" started-at="2019-10-04T19:20:12 EDT" finished-at="2019-10-04T19:20:12 EDT">
          <params>
            <param index="0">
              <value>
                <![CDATA[public void home.TestTypeText.typeNYSubway()]]>
              </value>
            </param>
          </params>
          <reporter-output>
          </reporter-output>
        </test-method> <!-- startExtent -->
        <test-method status="PASS" signature="typeNYSubway()[pri:0, instance:home.TestTypeText@2b98378d]" name="typeNYSubway" duration-ms="0" started-at="2019-10-04T19:20:12 EDT" finished-at="2019-10-04T19:20:12 EDT">
          <reporter-output>
          </reporter-output>
        </test-method> <!-- typeNYSubway -->
        <test-method status="PASS" signature="cleanUp()[pri:0, instance:home.TestTypeText@2b98378d]" name="cleanUp" is-config="true" duration-ms="300" started-at="2019-10-04T19:20:12 EDT" finished-at="2019-10-04T19:20:12 EDT">
          <reporter-output>
          </reporter-output>
        </test-method> <!-- cleanUp -->
        <test-method status="PASS" signature="setUp(java.lang.String)[pri:0, instance:home.TestTypeText@2b98378d]" name="setUp" is-config="true" duration-ms="9348" started-at="2019-10-04T19:20:12 EDT" finished-at="2019-10-04T19:20:22 EDT">
          <params>
            <param index="0">
              <value>
                <![CDATA[https://www.cnn.com]]>
              </value>
            </param>
          </params>
          <reporter-output>
          </reporter-output>
        </test-method> <!-- setUp -->
        <test-method status="PASS" signature="startExtent(java.lang.reflect.Method)[pri:0, instance:home.TestTypeText@2b98378d]" name="startExtent" is-config="true" duration-ms="1" started-at="2019-10-04T19:20:22 EDT" finished-at="2019-10-04T19:20:22 EDT">
          <params>
            <param index="0">
              <value>
                <![CDATA[public void home.TestTypeText.typeNancyPelosi()]]>
              </value>
            </param>
          </params>
          <reporter-output>
          </reporter-output>
        </test-method> <!-- startExtent -->
        <test-method status="PASS" signature="typeNancyPelosi()[pri:0, instance:home.TestTypeText@2b98378d]" name="typeNancyPelosi" duration-ms="0" started-at="2019-10-04T19:20:22 EDT" finished-at="2019-10-04T19:20:22 EDT">
          <reporter-output>
          </reporter-output>
        </test-method> <!-- typeNancyPelosi -->
        <test-method status="PASS" signature="afterEachTestMethod(org.testng.ITestResult)[pri:0, instance:home.TestTypeText@2b98378d]" name="afterEachTestMethod" is-config="true" duration-ms="36" started-at="2019-10-04T19:20:22 EDT" finished-at="2019-10-04T19:20:22 EDT">
          <params>
            <param index="0">
              <value>
                <![CDATA[[TestResult name=typeNancyPelosi status=SUCCESS method=TestTypeText.typeNancyPelosi()[pri:0, instance:home.TestTypeText@2b98378d] output={null}]]]>
              </value>
            </param>
          </params>
          <reporter-output>
          </reporter-output>
        </test-method> <!-- afterEachTestMethod -->
        <test-method status="PASS" signature="cleanUp()[pri:0, instance:home.TestTypeText@2b98378d]" name="cleanUp" is-config="true" duration-ms="387" started-at="2019-10-04T19:20:22 EDT" finished-at="2019-10-04T19:20:22 EDT">
          <reporter-output>
          </reporter-output>
        </test-method> <!-- cleanUp -->
        <test-method status="PASS" signature="setUp(java.lang.String)[pri:0, instance:home.TestTypeText@2b98378d]" name="setUp" is-config="true" duration-ms="12164" started-at="2019-10-04T19:20:22 EDT" finished-at="2019-10-04T19:20:34 EDT">
          <params>
            <param index="0">
              <value>
                <![CDATA[https://www.cnn.com]]>
              </value>
            </param>
          </params>
          <reporter-output>
          </reporter-output>
        </test-method> <!-- setUp -->
        <test-method status="PASS" signature="startExtent(java.lang.reflect.Method)[pri:0, instance:home.TestTypeText@2b98378d]" name="startExtent" is-config="true" duration-ms="1" started-at="2019-10-04T19:20:34 EDT" finished-at="2019-10-04T19:20:34 EDT">
          <params>
            <param index="0">
              <value>
                <![CDATA[public void home.TestTypeText.typeNasa()]]>
              </value>
            </param>
          </params>
          <reporter-output>
          </reporter-output>
        </test-method> <!-- startExtent -->
        <test-method status="PASS" signature="typeNasa()[pri:0, instance:home.TestTypeText@2b98378d]" name="typeNasa" duration-ms="0" started-at="2019-10-04T19:20:34 EDT" finished-at="2019-10-04T19:20:34 EDT">
          <reporter-output>
          </reporter-output>
        </test-method> <!-- typeNasa -->
        <test-method status="PASS" signature="afterEachTestMethod(org.testng.ITestResult)[pri:0, instance:home.TestTypeText@2b98378d]" name="afterEachTestMethod" is-config="true" duration-ms="50" started-at="2019-10-04T19:20:34 EDT" finished-at="2019-10-04T19:20:34 EDT">
          <params>
            <param index="0">
              <value>
                <![CDATA[[TestResult name=typeNasa status=SUCCESS method=TestTypeText.typeNasa()[pri:0, instance:home.TestTypeText@2b98378d] output={null}]]]>
              </value>
            </param>
          </params>
          <reporter-output>
          </reporter-output>
        </test-method> <!-- afterEachTestMethod -->
        <test-method status="PASS" signature="cleanUp()[pri:0, instance:home.TestTypeText@2b98378d]" name="cleanUp" is-config="true" duration-ms="478" started-at="2019-10-04T19:20:34 EDT" finished-at="2019-10-04T19:20:35 EDT">
          <reporter-output>
          </reporter-output>
        </test-method> <!-- cleanUp -->
        <test-method status="PASS" signature="setUp(java.lang.String)[pri:0, instance:home.TestTypeText@2b98378d]" name="setUp" is-config="true" duration-ms="6735" started-at="2019-10-04T19:20:35 EDT" finished-at="2019-10-04T19:20:42 EDT">
          <params>
            <param index="0">
              <value>
                <![CDATA[https://www.cnn.com]]>
              </value>
            </param>
          </params>
          <reporter-output>
          </reporter-output>
        </test-method> <!-- setUp -->
        <test-method status="PASS" signature="startExtent(java.lang.reflect.Method)[pri:0, instance:home.TestTypeText@2b98378d]" name="startExtent" is-config="true" duration-ms="0" started-at="2019-10-04T19:20:42 EDT" finished-at="2019-10-04T19:20:42 EDT">
          <params>
            <param index="0">
              <value>
                <![CDATA[public void home.TestTypeText.typeRecent()]]>
              </value>
            </param>
          </params>
          <reporter-output>
          </reporter-output>
        </test-method> <!-- startExtent -->
        <test-method status="PASS" signature="typeRecent()[pri:0, instance:home.TestTypeText@2b98378d]" name="typeRecent" duration-ms="1" started-at="2019-10-04T19:20:42 EDT" finished-at="2019-10-04T19:20:42 EDT">
          <reporter-output>
          </reporter-output>
        </test-method> <!-- typeRecent -->
        <test-method status="PASS" signature="afterEachTestMethod(org.testng.ITestResult)[pri:0, instance:home.TestTypeText@2b98378d]" name="afterEachTestMethod" is-config="true" duration-ms="28" started-at="2019-10-04T19:20:42 EDT" finished-at="2019-10-04T19:20:42 EDT">
          <params>
            <param index="0">
              <value>
                <![CDATA[[TestResult name=typeRecent status=SUCCESS method=TestTypeText.typeRecent()[pri:0, instance:home.TestTypeText@2b98378d] output={null}]]]>
              </value>
            </param>
          </params>
          <reporter-output>
          </reporter-output>
        </test-method> <!-- afterEachTestMethod -->
        <test-method status="PASS" signature="cleanUp()[pri:0, instance:home.TestTypeText@2b98378d]" name="cleanUp" is-config="true" duration-ms="233" started-at="2019-10-04T19:20:42 EDT" finished-at="2019-10-04T19:20:42 EDT">
          <reporter-output>
          </reporter-output>
        </test-method> <!-- cleanUp -->
        <test-method status="PASS" signature="setUp(java.lang.String)[pri:0, instance:home.TestTypeText@2b98378d]" name="setUp" is-config="true" duration-ms="9679" started-at="2019-10-04T19:20:42 EDT" finished-at="2019-10-04T19:20:52 EDT">
          <params>
            <param index="0">
              <value>
                <![CDATA[https://www.cnn.com]]>
              </value>
            </param>
          </params>
          <reporter-output>
          </reporter-output>
        </test-method> <!-- setUp -->
        <test-method status="PASS" signature="startExtent(java.lang.reflect.Method)[pri:0, instance:home.TestTypeText@2b98378d]" name="startExtent" is-config="true" duration-ms="1" started-at="2019-10-04T19:20:52 EDT" finished-at="2019-10-04T19:20:52 EDT">
          <params>
            <param index="0">
              <value>
                <![CDATA[public void home.TestTypeText.typeRepublicans()]]>
              </value>
            </param>
          </params>
          <reporter-output>
          </reporter-output>
        </test-method> <!-- startExtent -->
        <test-method status="PASS" signature="afterEachTestMethod(org.testng.ITestResult)[pri:0, instance:home.TestTypeText@2b98378d]" name="afterEachTestMethod" is-config="true" duration-ms="37" started-at="2019-10-04T19:20:52 EDT" finished-at="2019-10-04T19:20:52 EDT">
          <params>
            <param index="0">
              <value>
                <![CDATA[[TestResult name=typeRepublicans status=SUCCESS method=TestTypeText.typeRepublicans()[pri:0, instance:home.TestTypeText@2b98378d] output={null}]]]>
              </value>
            </param>
          </params>
          <reporter-output>
          </reporter-output>
        </test-method> <!-- afterEachTestMethod -->
        <test-method status="PASS" signature="typeRepublicans()[pri:0, instance:home.TestTypeText@2b98378d]" name="typeRepublicans" duration-ms="0" started-at="2019-10-04T19:20:52 EDT" finished-at="2019-10-04T19:20:52 EDT">
          <reporter-output>
          </reporter-output>
        </test-method> <!-- typeRepublicans -->
        <test-method status="PASS" signature="cleanUp()[pri:0, instance:home.TestTypeText@2b98378d]" name="cleanUp" is-config="true" duration-ms="425" started-at="2019-10-04T19:20:52 EDT" finished-at="2019-10-04T19:20:52 EDT">
          <reporter-output>
          </reporter-output>
        </test-method> <!-- cleanUp -->
        <test-method status="PASS" signature="setUp(java.lang.String)[pri:0, instance:home.TestTypeText@2b98378d]" name="setUp" is-config="true" duration-ms="11874" started-at="2019-10-04T19:20:52 EDT" finished-at="2019-10-04T19:21:04 EDT">
          <params>
            <param index="0">
              <value>
                <![CDATA[https://www.cnn.com]]>
              </value>
            </param>
          </params>
          <reporter-output>
          </reporter-output>
        </test-method> <!-- setUp -->
        <test-method status="PASS" signature="startExtent(java.lang.reflect.Method)[pri:0, instance:home.TestTypeText@2b98378d]" name="startExtent" is-config="true" duration-ms="1" started-at="2019-10-04T19:21:04 EDT" finished-at="2019-10-04T19:21:04 EDT">
          <params>
            <param index="0">
              <value>
                <![CDATA[public void home.TestTypeText.typeSamsung()]]>
              </value>
            </param>
          </params>
          <reporter-output>
          </reporter-output>
        </test-method> <!-- startExtent -->
        <test-method status="PASS" signature="typeSamsung()[pri:0, instance:home.TestTypeText@2b98378d]" name="typeSamsung" duration-ms="0" started-at="2019-10-04T19:21:04 EDT" finished-at="2019-10-04T19:21:04 EDT">
          <reporter-output>
          </reporter-output>
        </test-method> <!-- typeSamsung -->
        <test-method status="PASS" signature="afterEachTestMethod(org.testng.ITestResult)[pri:0, instance:home.TestTypeText@2b98378d]" name="afterEachTestMethod" is-config="true" duration-ms="35" started-at="2019-10-04T19:21:04 EDT" finished-at="2019-10-04T19:21:04 EDT">
          <params>
            <param index="0">
              <value>
                <![CDATA[[TestResult name=typeSamsung status=SUCCESS method=TestTypeText.typeSamsung()[pri:0, instance:home.TestTypeText@2b98378d] output={null}]]]>
              </value>
            </param>
          </params>
          <reporter-output>
          </reporter-output>
        </test-method> <!-- afterEachTestMethod -->
        <test-method status="PASS" signature="cleanUp()[pri:0, instance:home.TestTypeText@2b98378d]" name="cleanUp" is-config="true" duration-ms="470" started-at="2019-10-04T19:21:04 EDT" finished-at="2019-10-04T19:21:04 EDT">
          <reporter-output>
          </reporter-output>
        </test-method> <!-- cleanUp -->
        <test-method status="PASS" signature="setUp(java.lang.String)[pri:0, instance:home.TestTypeText@2b98378d]" name="setUp" is-config="true" duration-ms="7453" started-at="2019-10-04T19:21:04 EDT" finished-at="2019-10-04T19:21:12 EDT">
          <params>
            <param index="0">
              <value>
                <![CDATA[https://www.cnn.com]]>
              </value>
            </param>
          </params>
          <reporter-output>
          </reporter-output>
        </test-method> <!-- setUp -->
        <test-method status="PASS" signature="afterEachTestMethod(org.testng.ITestResult)[pri:0, instance:home.TestTypeText@2b98378d]" name="afterEachTestMethod" is-config="true" duration-ms="23" started-at="2019-10-04T19:21:12 EDT" finished-at="2019-10-04T19:21:12 EDT">
          <params>
            <param index="0">
              <value>
                <![CDATA[[TestResult name=typeTechnology status=SUCCESS method=TestTypeText.typeTechnology()[pri:0, instance:home.TestTypeText@2b98378d] output={null}]]]>
              </value>
            </param>
          </params>
          <reporter-output>
          </reporter-output>
        </test-method> <!-- afterEachTestMethod -->
        <test-method status="PASS" signature="typeTechnology()[pri:0, instance:home.TestTypeText@2b98378d]" name="typeTechnology" duration-ms="0" started-at="2019-10-04T19:21:12 EDT" finished-at="2019-10-04T19:21:12 EDT">
          <reporter-output>
          </reporter-output>
        </test-method> <!-- typeTechnology -->
        <test-method status="PASS" signature="startExtent(java.lang.reflect.Method)[pri:0, instance:home.TestTypeText@2b98378d]" name="startExtent" is-config="true" duration-ms="0" started-at="2019-10-04T19:21:12 EDT" finished-at="2019-10-04T19:21:12 EDT">
          <params>
            <param index="0">
              <value>
                <![CDATA[public void home.TestTypeText.typeTechnology()]]>
              </value>
            </param>
          </params>
          <reporter-output>
          </reporter-output>
        </test-method> <!-- startExtent -->
        <test-method status="PASS" signature="cleanUp()[pri:0, instance:home.TestTypeText@2b98378d]" name="cleanUp" is-config="true" duration-ms="251" started-at="2019-10-04T19:21:12 EDT" finished-at="2019-10-04T19:21:12 EDT">
          <reporter-output>
          </reporter-output>
        </test-method> <!-- cleanUp -->
        <test-method status="PASS" signature="setUp(java.lang.String)[pri:0, instance:home.TestTypeText@2b98378d]" name="setUp" is-config="true" duration-ms="5988" started-at="2019-10-04T19:21:12 EDT" finished-at="2019-10-04T19:21:18 EDT">
          <params>
            <param index="0">
              <value>
                <![CDATA[https://www.cnn.com]]>
              </value>
            </param>
          </params>
          <reporter-output>
          </reporter-output>
        </test-method> <!-- setUp -->
        <test-method status="PASS" signature="startExtent(java.lang.reflect.Method)[pri:0, instance:home.TestTypeText@2b98378d]" name="startExtent" is-config="true" duration-ms="0" started-at="2019-10-04T19:21:18 EDT" finished-at="2019-10-04T19:21:18 EDT">
          <params>
            <param index="0">
              <value>
                <![CDATA[public void home.TestTypeText.typeTrump()]]>
              </value>
            </param>
          </params>
          <reporter-output>
          </reporter-output>
        </test-method> <!-- startExtent -->
        <test-method status="PASS" signature="typeTrump()[pri:0, instance:home.TestTypeText@2b98378d]" name="typeTrump" duration-ms="0" started-at="2019-10-04T19:21:18 EDT" finished-at="2019-10-04T19:21:18 EDT">
          <reporter-output>
          </reporter-output>
        </test-method> <!-- typeTrump -->
        <test-method status="PASS" signature="afterEachTestMethod(org.testng.ITestResult)[pri:0, instance:home.TestTypeText@2b98378d]" name="afterEachTestMethod" is-config="true" duration-ms="32" started-at="2019-10-04T19:21:18 EDT" finished-at="2019-10-04T19:21:18 EDT">
          <params>
            <param index="0">
              <value>
                <![CDATA[[TestResult name=typeTrump status=SUCCESS method=TestTypeText.typeTrump()[pri:0, instance:home.TestTypeText@2b98378d] output={null}]]]>
              </value>
            </param>
          </params>
          <reporter-output>
          </reporter-output>
        </test-method> <!-- afterEachTestMethod -->
        <test-method status="PASS" signature="cleanUp()[pri:0, instance:home.TestTypeText@2b98378d]" name="cleanUp" is-config="true" duration-ms="188" started-at="2019-10-04T19:21:18 EDT" finished-at="2019-10-04T19:21:18 EDT">
          <reporter-output>
          </reporter-output>
        </test-method> <!-- cleanUp -->
        <test-method status="PASS" signature="setUp(java.lang.String)[pri:0, instance:home.TestTypeText@2b98378d]" name="setUp" is-config="true" duration-ms="10867" started-at="2019-10-04T19:21:18 EDT" finished-at="2019-10-04T19:21:29 EDT">
          <params>
            <param index="0">
              <value>
                <![CDATA[https://www.cnn.com]]>
              </value>
            </param>
          </params>
          <reporter-output>
          </reporter-output>
        </test-method> <!-- setUp -->
        <test-method status="PASS" signature="startExtent(java.lang.reflect.Method)[pri:0, instance:home.TestTypeText@2b98378d]" name="startExtent" is-config="true" duration-ms="1" started-at="2019-10-04T19:21:29 EDT" finished-at="2019-10-04T19:21:29 EDT">
          <params>
            <param index="0">
              <value>
                <![CDATA[public void home.TestTypeText.typeUnemployment()]]>
              </value>
            </param>
          </params>
          <reporter-output>
          </reporter-output>
        </test-method> <!-- startExtent -->
        <test-method status="PASS" signature="afterEachTestMethod(org.testng.ITestResult)[pri:0, instance:home.TestTypeText@2b98378d]" name="afterEachTestMethod" is-config="true" duration-ms="37" started-at="2019-10-04T19:21:29 EDT" finished-at="2019-10-04T19:21:29 EDT">
          <params>
            <param index="0">
              <value>
                <![CDATA[[TestResult name=typeUnemployment status=SUCCESS method=TestTypeText.typeUnemployment()[pri:0, instance:home.TestTypeText@2b98378d] output={null}]]]>
              </value>
            </param>
          </params>
          <reporter-output>
          </reporter-output>
        </test-method> <!-- afterEachTestMethod -->
        <test-method status="PASS" signature="typeUnemployment()[pri:0, instance:home.TestTypeText@2b98378d]" name="typeUnemployment" duration-ms="0" started-at="2019-10-04T19:21:29 EDT" finished-at="2019-10-04T19:21:29 EDT">
          <reporter-output>
          </reporter-output>
        </test-method> <!-- typeUnemployment -->
        <test-method status="PASS" signature="cleanUp()[pri:0, instance:home.TestTypeText@2b98378d]" name="cleanUp" is-config="true" duration-ms="421" started-at="2019-10-04T19:21:29 EDT" finished-at="2019-10-04T19:21:30 EDT">
          <reporter-output>
          </reporter-output>
        </test-method> <!-- cleanUp -->
        <test-method status="PASS" signature="setUp(java.lang.String)[pri:0, instance:home.TestTypeText@2b98378d]" name="setUp" is-config="true" duration-ms="7596" started-at="2019-10-04T19:21:30 EDT" finished-at="2019-10-04T19:21:37 EDT">
          <params>
            <param index="0">
              <value>
                <![CDATA[https://www.cnn.com]]>
              </value>
            </param>
          </params>
          <reporter-output>
          </reporter-output>
        </test-method> <!-- setUp -->
        <test-method status="PASS" signature="afterEachTestMethod(org.testng.ITestResult)[pri:0, instance:home.TestTypeText@2b98378d]" name="afterEachTestMethod" is-config="true" duration-ms="22" started-at="2019-10-04T19:21:37 EDT" finished-at="2019-10-04T19:21:37 EDT">
          <params>
            <param index="0">
              <value>
                <![CDATA[[TestResult name=typeVoting status=SUCCESS method=TestTypeText.typeVoting()[pri:0, instance:home.TestTypeText@2b98378d] output={null}]]]>
              </value>
            </param>
          </params>
          <reporter-output>
          </reporter-output>
        </test-method> <!-- afterEachTestMethod -->
        <test-method status="PASS" signature="startExtent(java.lang.reflect.Method)[pri:0, instance:home.TestTypeText@2b98378d]" name="startExtent" is-config="true" duration-ms="0" started-at="2019-10-04T19:21:37 EDT" finished-at="2019-10-04T19:21:37 EDT">
          <params>
            <param index="0">
              <value>
                <![CDATA[public void home.TestTypeText.typeVoting()]]>
              </value>
            </param>
          </params>
          <reporter-output>
          </reporter-output>
        </test-method> <!-- startExtent -->
        <test-method status="PASS" signature="typeVoting()[pri:0, instance:home.TestTypeText@2b98378d]" name="typeVoting" duration-ms="0" started-at="2019-10-04T19:21:37 EDT" finished-at="2019-10-04T19:21:37 EDT">
          <reporter-output>
          </reporter-output>
        </test-method> <!-- typeVoting -->
        <test-method status="PASS" signature="cleanUp()[pri:0, instance:home.TestTypeText@2b98378d]" name="cleanUp" is-config="true" duration-ms="218" started-at="2019-10-04T19:21:37 EDT" finished-at="2019-10-04T19:21:38 EDT">
          <reporter-output>
          </reporter-output>
        </test-method> <!-- cleanUp -->
      </class> <!-- home.TestTypeText -->
      <class name="home.TestSearchText">
        <test-method status="PASS" signature="setUp(java.lang.String)[pri:0, instance:home.TestSearchText@475530b9]" name="setUp" is-config="true" duration-ms="6834" started-at="2019-10-04T19:21:38 EDT" finished-at="2019-10-04T19:21:44 EDT">
          <params>
            <param index="0">
              <value>
                <![CDATA[https://www.cnn.com]]>
              </value>
            </param>
          </params>
          <reporter-output>
          </reporter-output>
        </test-method> <!-- setUp -->
        <test-method status="PASS" signature="afterEachTestMethod(org.testng.ITestResult)[pri:0, instance:home.TestSearchText@475530b9]" name="afterEachTestMethod" is-config="true" duration-ms="22" started-at="2019-10-04T19:21:44 EDT" finished-at="2019-10-04T19:21:44 EDT">
          <params>
            <param index="0">
              <value>
                <![CDATA[[TestResult name=cnnCareers status=SUCCESS method=TestSearchText.cnnCareers()[pri:0, instance:home.TestSearchText@475530b9] output={null}]]]>
              </value>
            </param>
          </params>
          <reporter-output>
          </reporter-output>
        </test-method> <!-- afterEachTestMethod -->
        <test-method status="PASS" signature="startExtent(java.lang.reflect.Method)[pri:0, instance:home.TestSearchText@475530b9]" name="startExtent" is-config="true" duration-ms="0" started-at="2019-10-04T19:21:44 EDT" finished-at="2019-10-04T19:21:44 EDT">
          <params>
            <param index="0">
              <value>
                <![CDATA[public void home.TestSearchText.cnnCareers()]]>
              </value>
            </param>
          </params>
          <reporter-output>
          </reporter-output>
        </test-method> <!-- startExtent -->
        <test-method status="PASS" signature="cnnCareers()[pri:0, instance:home.TestSearchText@475530b9]" name="cnnCareers" duration-ms="0" started-at="2019-10-04T19:21:44 EDT" finished-at="2019-10-04T19:21:44 EDT">
          <reporter-output>
          </reporter-output>
        </test-method> <!-- cnnCareers -->
        <test-method status="PASS" signature="cleanUp()[pri:0, instance:home.TestSearchText@475530b9]" name="cleanUp" is-config="true" duration-ms="346" started-at="2019-10-04T19:21:44 EDT" finished-at="2019-10-04T19:21:45 EDT">
          <reporter-output>
          </reporter-output>
        </test-method> <!-- cleanUp -->
        <test-method status="PASS" signature="setUp(java.lang.String)[pri:0, instance:home.TestSearchText@475530b9]" name="setUp" is-config="true" duration-ms="7415" started-at="2019-10-04T19:21:45 EDT" finished-at="2019-10-04T19:21:52 EDT">
          <params>
            <param index="0">
              <value>
                <![CDATA[https://www.cnn.com]]>
              </value>
            </param>
          </params>
          <reporter-output>
          </reporter-output>
        </test-method> <!-- setUp -->
        <test-method status="PASS" signature="followOnFacebook()[pri:0, instance:home.TestSearchText@475530b9]" name="followOnFacebook" duration-ms="0" started-at="2019-10-04T19:21:52 EDT" finished-at="2019-10-04T19:21:52 EDT">
          <reporter-output>
          </reporter-output>
        </test-method> <!-- followOnFacebook -->
        <test-method status="PASS" signature="startExtent(java.lang.reflect.Method)[pri:0, instance:home.TestSearchText@475530b9]" name="startExtent" is-config="true" duration-ms="0" started-at="2019-10-04T19:21:52 EDT" finished-at="2019-10-04T19:21:52 EDT">
          <params>
            <param index="0">
              <value>
                <![CDATA[public void home.TestSearchText.followOnFacebook()]]>
              </value>
            </param>
          </params>
          <reporter-output>
          </reporter-output>
        </test-method> <!-- startExtent -->
        <test-method status="PASS" signature="afterEachTestMethod(org.testng.ITestResult)[pri:0, instance:home.TestSearchText@475530b9]" name="afterEachTestMethod" is-config="true" duration-ms="36" started-at="2019-10-04T19:21:52 EDT" finished-at="2019-10-04T19:21:52 EDT">
          <params>
            <param index="0">
              <value>
                <![CDATA[[TestResult name=followOnFacebook status=SUCCESS method=TestSearchText.followOnFacebook()[pri:0, instance:home.TestSearchText@475530b9] output={null}]]]>
              </value>
            </param>
          </params>
          <reporter-output>
          </reporter-output>
        </test-method> <!-- afterEachTestMethod -->
        <test-method status="PASS" signature="cleanUp()[pri:0, instance:home.TestSearchText@475530b9]" name="cleanUp" is-config="true" duration-ms="352" started-at="2019-10-04T19:21:52 EDT" finished-at="2019-10-04T19:21:53 EDT">
          <reporter-output>
          </reporter-output>
        </test-method> <!-- cleanUp -->
        <test-method status="PASS" signature="setUp(java.lang.String)[pri:0, instance:home.TestSearchText@475530b9]" name="setUp" is-config="true" duration-ms="10573" started-at="2019-10-04T19:21:53 EDT" finished-at="2019-10-04T19:22:03 EDT">
          <params>
            <param index="0">
              <value>
                <![CDATA[https://www.cnn.com]]>
              </value>
            </param>
          </params>
          <reporter-output>
          </reporter-output>
        </test-method> <!-- setUp -->
        <test-method status="PASS" signature="startExtent(java.lang.reflect.Method)[pri:0, instance:home.TestSearchText@475530b9]" name="startExtent" is-config="true" duration-ms="1" started-at="2019-10-04T19:22:03 EDT" finished-at="2019-10-04T19:22:03 EDT">
          <params>
            <param index="0">
              <value>
                <![CDATA[public void home.TestSearchText.followOnInstagram()]]>
              </value>
            </param>
          </params>
          <reporter-output>
          </reporter-output>
        </test-method> <!-- startExtent -->
        <test-method status="PASS" signature="afterEachTestMethod(org.testng.ITestResult)[pri:0, instance:home.TestSearchText@475530b9]" name="afterEachTestMethod" is-config="true" duration-ms="47" started-at="2019-10-04T19:22:03 EDT" finished-at="2019-10-04T19:22:03 EDT">
          <params>
            <param index="0">
              <value>
                <![CDATA[[TestResult name=followOnInstagram status=SUCCESS method=TestSearchText.followOnInstagram()[pri:0, instance:home.TestSearchText@475530b9] output={null}]]]>
              </value>
            </param>
          </params>
          <reporter-output>
          </reporter-output>
        </test-method> <!-- afterEachTestMethod -->
        <test-method status="PASS" signature="followOnInstagram()[pri:0, instance:home.TestSearchText@475530b9]" name="followOnInstagram" duration-ms="0" started-at="2019-10-04T19:22:03 EDT" finished-at="2019-10-04T19:22:03 EDT">
          <reporter-output>
          </reporter-output>
        </test-method> <!-- followOnInstagram -->
        <test-method status="PASS" signature="cleanUp()[pri:0, instance:home.TestSearchText@475530b9]" name="cleanUp" is-config="true" duration-ms="353" started-at="2019-10-04T19:22:03 EDT" finished-at="2019-10-04T19:22:03 EDT">
          <reporter-output>
          </reporter-output>
        </test-method> <!-- cleanUp -->
        <test-method status="PASS" signature="setUp(java.lang.String)[pri:0, instance:home.TestSearchText@475530b9]" name="setUp" is-config="true" duration-ms="6260" started-at="2019-10-04T19:22:03 EDT" finished-at="2019-10-04T19:22:10 EDT">
          <params>
            <param index="0">
              <value>
                <![CDATA[https://www.cnn.com]]>
              </value>
            </param>
          </params>
          <reporter-output>
          </reporter-output>
        </test-method> <!-- setUp -->
        <test-method status="PASS" signature="startExtent(java.lang.reflect.Method)[pri:0, instance:home.TestSearchText@475530b9]" name="startExtent" is-config="true" duration-ms="0" started-at="2019-10-04T19:22:10 EDT" finished-at="2019-10-04T19:22:10 EDT">
          <params>
            <param index="0">
              <value>
                <![CDATA[public void home.TestSearchText.followOnTwitter()]]>
              </value>
            </param>
          </params>
          <reporter-output>
          </reporter-output>
        </test-method> <!-- startExtent -->
        <test-method status="PASS" signature="followOnTwitter()[pri:0, instance:home.TestSearchText@475530b9]" name="followOnTwitter" duration-ms="0" started-at="2019-10-04T19:22:10 EDT" finished-at="2019-10-04T19:22:10 EDT">
          <reporter-output>
          </reporter-output>
        </test-method> <!-- followOnTwitter -->
        <test-method status="PASS" signature="afterEachTestMethod(org.testng.ITestResult)[pri:0, instance:home.TestSearchText@475530b9]" name="afterEachTestMethod" is-config="true" duration-ms="31" started-at="2019-10-04T19:22:10 EDT" finished-at="2019-10-04T19:22:10 EDT">
          <params>
            <param index="0">
              <value>
                <![CDATA[[TestResult name=followOnTwitter status=SUCCESS method=TestSearchText.followOnTwitter()[pri:0, instance:home.TestSearchText@475530b9] output={null}]]]>
              </value>
            </param>
          </params>
          <reporter-output>
          </reporter-output>
        </test-method> <!-- afterEachTestMethod -->
        <test-method status="PASS" signature="cleanUp()[pri:0, instance:home.TestSearchText@475530b9]" name="cleanUp" is-config="true" duration-ms="226" started-at="2019-10-04T19:22:10 EDT" finished-at="2019-10-04T19:22:10 EDT">
          <reporter-output>
          </reporter-output>
        </test-method> <!-- cleanUp -->
        <test-method status="PASS" signature="setUp(java.lang.String)[pri:0, instance:home.TestSearchText@475530b9]" name="setUp" is-config="true" duration-ms="7558" started-at="2019-10-04T19:22:10 EDT" finished-at="2019-10-04T19:22:18 EDT">
          <params>
            <param index="0">
              <value>
                <![CDATA[https://www.cnn.com]]>
              </value>
            </param>
          </params>
          <reporter-output>
          </reporter-output>
        </test-method> <!-- setUp -->
        <test-method status="PASS" signature="startExtent(java.lang.reflect.Method)[pri:0, instance:home.TestSearchText@475530b9]" name="startExtent" is-config="true" duration-ms="1" started-at="2019-10-04T19:22:18 EDT" finished-at="2019-10-04T19:22:18 EDT">
          <params>
            <param index="0">
              <value>
                <![CDATA[public void home.TestSearchText.getChina()]]>
              </value>
            </param>
          </params>
          <reporter-output>
          </reporter-output>
        </test-method> <!-- startExtent -->
        <test-method status="PASS" signature="getChina()[pri:0, instance:home.TestSearchText@475530b9]" name="getChina" duration-ms="0" started-at="2019-10-04T19:22:18 EDT" finished-at="2019-10-04T19:22:18 EDT">
          <reporter-output>
          </reporter-output>
        </test-method> <!-- getChina -->
        <test-method status="PASS" signature="afterEachTestMethod(org.testng.ITestResult)[pri:0, instance:home.TestSearchText@475530b9]" name="afterEachTestMethod" is-config="true" duration-ms="56" started-at="2019-10-04T19:22:18 EDT" finished-at="2019-10-04T19:22:18 EDT">
          <params>
            <param index="0">
              <value>
                <![CDATA[[TestResult name=getChina status=SUCCESS method=TestSearchText.getChina()[pri:0, instance:home.TestSearchText@475530b9] output={null}]]]>
              </value>
            </param>
          </params>
          <reporter-output>
          </reporter-output>
        </test-method> <!-- afterEachTestMethod -->
        <test-method status="PASS" signature="cleanUp()[pri:0, instance:home.TestSearchText@475530b9]" name="cleanUp" is-config="true" duration-ms="340" started-at="2019-10-04T19:22:18 EDT" finished-at="2019-10-04T19:22:18 EDT">
          <reporter-output>
          </reporter-output>
        </test-method> <!-- cleanUp -->
        <test-method status="PASS" signature="setUp(java.lang.String)[pri:0, instance:home.TestSearchText@475530b9]" name="setUp" is-config="true" duration-ms="7243" started-at="2019-10-04T19:22:18 EDT" finished-at="2019-10-04T19:22:25 EDT">
          <params>
            <param index="0">
              <value>
                <![CDATA[https://www.cnn.com]]>
              </value>
            </param>
          </params>
          <reporter-output>
          </reporter-output>
        </test-method> <!-- setUp -->
        <test-method status="PASS" signature="getCongress()[pri:0, instance:home.TestSearchText@475530b9]" name="getCongress" duration-ms="0" started-at="2019-10-04T19:22:25 EDT" finished-at="2019-10-04T19:22:25 EDT">
          <reporter-output>
          </reporter-output>
        </test-method> <!-- getCongress -->
        <test-method status="PASS" signature="startExtent(java.lang.reflect.Method)[pri:0, instance:home.TestSearchText@475530b9]" name="startExtent" is-config="true" duration-ms="0" started-at="2019-10-04T19:22:25 EDT" finished-at="2019-10-04T19:22:25 EDT">
          <params>
            <param index="0">
              <value>
                <![CDATA[public void home.TestSearchText.getCongress()]]>
              </value>
            </param>
          </params>
          <reporter-output>
          </reporter-output>
        </test-method> <!-- startExtent -->
        <test-method status="PASS" signature="afterEachTestMethod(org.testng.ITestResult)[pri:0, instance:home.TestSearchText@475530b9]" name="afterEachTestMethod" is-config="true" duration-ms="36" started-at="2019-10-04T19:22:25 EDT" finished-at="2019-10-04T19:22:25 EDT">
          <params>
            <param index="0">
              <value>
                <![CDATA[[TestResult name=getCongress status=SUCCESS method=TestSearchText.getCongress()[pri:0, instance:home.TestSearchText@475530b9] output={null}]]]>
              </value>
            </param>
          </params>
          <reporter-output>
          </reporter-output>
        </test-method> <!-- afterEachTestMethod -->
        <test-method status="PASS" signature="cleanUp()[pri:0, instance:home.TestSearchText@475530b9]" name="cleanUp" is-config="true" duration-ms="312" started-at="2019-10-04T19:22:25 EDT" finished-at="2019-10-04T19:22:26 EDT">
          <reporter-output>
          </reporter-output>
        </test-method> <!-- cleanUp -->
        <test-method status="PASS" signature="setUp(java.lang.String)[pri:0, instance:home.TestSearchText@475530b9]" name="setUp" is-config="true" duration-ms="10373" started-at="2019-10-04T19:22:26 EDT" finished-at="2019-10-04T19:22:36 EDT">
          <params>
            <param index="0">
              <value>
                <![CDATA[https://www.cnn.com]]>
              </value>
            </param>
          </params>
          <reporter-output>
          </reporter-output>
        </test-method> <!-- setUp -->
        <test-method status="PASS" signature="searcEnergy()[pri:0, instance:home.TestSearchText@475530b9]" name="searcEnergy" duration-ms="1" started-at="2019-10-04T19:22:36 EDT" finished-at="2019-10-04T19:22:36 EDT">
          <reporter-output>
          </reporter-output>
        </test-method> <!-- searcEnergy -->
        <test-method status="PASS" signature="startExtent(java.lang.reflect.Method)[pri:0, instance:home.TestSearchText@475530b9]" name="startExtent" is-config="true" duration-ms="0" started-at="2019-10-04T19:22:36 EDT" finished-at="2019-10-04T19:22:36 EDT">
          <params>
            <param index="0">
              <value>
                <![CDATA[public void home.TestSearchText.searcEnergy()]]>
              </value>
            </param>
          </params>
          <reporter-output>
          </reporter-output>
        </test-method> <!-- startExtent -->
        <test-method status="PASS" signature="afterEachTestMethod(org.testng.ITestResult)[pri:0, instance:home.TestSearchText@475530b9]" name="afterEachTestMethod" is-config="true" duration-ms="38" started-at="2019-10-04T19:22:36 EDT" finished-at="2019-10-04T19:22:36 EDT">
          <params>
            <param index="0">
              <value>
                <![CDATA[[TestResult name=searcEnergy status=SUCCESS method=TestSearchText.searcEnergy()[pri:0, instance:home.TestSearchText@475530b9] output={null}]]]>
              </value>
            </param>
          </params>
[...]
          <reporter-output>
          </reporter-output>
        </test-method> <!-- cleanUp -->
        <test-method status="PASS" signature="setUp(java.lang.String)[pri:0, instance:home.TestSearchPage@55f3ddb1]" name="setUp" is-config="true" duration-ms="10707" started-at="2019-10-04T19:13:55 EDT" finished-at="2019-10-04T19:14:06 EDT">
          <params>
            <param index="0">
              <value>
                <![CDATA[https://www.cnn.com]]>
              </value>
            </param>
          </params>
          <reporter-output>
          </reporter-output>
        </test-method> <!-- setUp -->
        <test-method status="PASS" signature="startExtent(java.lang.reflect.Method)[pri:0, instance:home.TestSearchPage@55f3ddb1]" name="startExtent" is-config="true" duration-ms="1" started-at="2019-10-04T19:14:06 EDT" finished-at="2019-10-04T19:14:06 EDT">
          <params>
            <param index="0">
              <value>
                <![CDATA[public void home.TestSearchPage.testDigitalStudiosPage()]]>
              </value>
            </param>
          </params>
          <reporter-output>
          </reporter-output>
        </test-method> <!-- startExtent -->
        <test-method status="PASS" signature="afterEachTestMethod(org.testng.ITestResult)[pri:0, instance:home.TestSearchPage@55f3ddb1]" name="afterEachTestMethod" is-config="true" duration-ms="38" started-at="2019-10-04T19:14:06 EDT" finished-at="2019-10-04T19:14:06 EDT">
          <params>
            <param index="0">
              <value>
                <![CDATA[[TestResult name=testDigitalStudiosPage status=SUCCESS method=TestSearchPage.testDigitalStudiosPage()[pri:0, instance:home.TestSearchPage@55f3ddb1] output={null}]]]>
              </value>
            </param>
          </params>
          <reporter-output>
          </reporter-output>
        </test-method> <!-- afterEachTestMethod -->
        <test-method status="PASS" signature="testDigitalStudiosPage()[pri:0, instance:home.TestSearchPage@55f3ddb1]" name="testDigitalStudiosPage" duration-ms="0" started-at="2019-10-04T19:14:06 EDT" finished-at="2019-10-04T19:14:06 EDT">
          <reporter-output>
          </reporter-output>
        </test-method> <!-- testDigitalStudiosPage -->
        <test-method status="PASS" signature="cleanUp()[pri:0, instance:home.TestSearchPage@55f3ddb1]" name="cleanUp" is-config="true" duration-ms="279" started-at="2019-10-04T19:14:06 EDT" finished-at="2019-10-04T19:14:06 EDT">
          <reporter-output>
          </reporter-output>
        </test-method> <!-- cleanUp -->
        <test-method status="PASS" signature="setUp(java.lang.String)[pri:0, instance:home.TestSearchPage@55f3ddb1]" name="setUp" is-config="true" duration-ms="7733" started-at="2019-10-04T19:14:06 EDT" finished-at="2019-10-04T19:14:14 EDT">
          <params>
            <param index="0">
              <value>
                <![CDATA[https://www.cnn.com]]>
              </value>
            </param>
          </params>
          <reporter-output>
          </reporter-output>
        </test-method> <!-- setUp -->
        <test-method status="PASS" signature="testEuropeSection()[pri:0, instance:home.TestSearchPage@55f3ddb1]" name="testEuropeSection" duration-ms="1" started-at="2019-10-04T19:14:14 EDT" finished-at="2019-10-04T19:14:14 EDT">
          <reporter-output>
          </reporter-output>
        </test-method> <!-- testEuropeSection -->
        <test-method status="PASS" signature="startExtent(java.lang.reflect.Method)[pri:0, instance:home.TestSearchPage@55f3ddb1]" name="startExtent" is-config="true" duration-ms="0" started-at="2019-10-04T19:14:14 EDT" finished-at="2019-10-04T19:14:14 EDT">
          <params>
            <param index="0">
              <value>
                <![CDATA[public void home.TestSearchPage.testEuropeSection()]]>
              </value>
            </param>
          </params>
          <reporter-output>
          </reporter-output>
        </test-method> <!-- startExtent -->
        <test-method status="PASS" signature="afterEachTestMethod(org.testng.ITestResult)[pri:0, instance:home.TestSearchPage@55f3ddb1]" name="afterEachTestMethod" is-config="true" duration-ms="32" started-at="2019-10-04T19:14:14 EDT" finished-at="2019-10-04T19:14:14 EDT">
          <params>
            <param index="0">
              <value>
                <![CDATA[[TestResult name=testEuropeSection status=SUCCESS method=TestSearchPage.testEuropeSection()[pri:0, instance:home.TestSearchPage@55f3ddb1] output={null}]]]>
              </value>
            </param>
          </params>
          <reporter-output>
          </reporter-output>
        </test-method> <!-- afterEachTestMethod -->
        <test-method status="PASS" signature="cleanUp()[pri:0, instance:home.TestSearchPage@55f3ddb1]" name="cleanUp" is-config="true" duration-ms="230" started-at="2019-10-04T19:14:14 EDT" finished-at="2019-10-04T19:14:14 EDT">
          <reporter-output>
          </reporter-output>
        </test-method> <!-- cleanUp -->
        <test-method status="PASS" signature="setUp(java.lang.String)[pri:0, instance:home.TestSearchPage@55f3ddb1]" name="setUp" is-config="true" duration-ms="7405" started-at="2019-10-04T19:14:14 EDT" finished-at="2019-10-04T19:14:21 EDT">
          <params>
            <param index="0">
              <value>
                <![CDATA[https://www.cnn.com]]>
              </value>
            </param>
          </params>
          <reporter-output>
          </reporter-output>
        </test-method> <!-- setUp -->
        <test-method status="PASS" signature="startExtent(java.lang.reflect.Method)[pri:0, instance:home.TestSearchPage@55f3ddb1]" name="startExtent" is-config="true" duration-ms="0" started-at="2019-10-04T19:14:21 EDT" finished-at="2019-10-04T19:14:21 EDT">
          <params>
            <param index="0">
              <value>
                <![CDATA[public void home.TestSearchPage.testInnovativeCitiesPage()]]>
              </value>
            </param>
          </params>
          <reporter-output>
          </reporter-output>
        </test-method> <!-- startExtent -->
        <test-method status="PASS" signature="afterEachTestMethod(org.testng.ITestResult)[pri:0, instance:home.TestSearchPage@55f3ddb1]" name="afterEachTestMethod" is-config="true" duration-ms="42" started-at="2019-10-04T19:14:21 EDT" finished-at="2019-10-04T19:14:22 EDT">
          <params>
            <param index="0">
              <value>
                <![CDATA[[TestResult name=testInnovativeCitiesPage status=SUCCESS method=TestSearchPage.testInnovativeCitiesPage()[pri:0, instance:home.TestSearchPage@55f3ddb1] output={null}]]]>
              </value>
            </param>
          </params>
          <reporter-output>
          </reporter-output>
        </test-method> <!-- afterEachTestMethod -->
        <test-method status="PASS" signature="testInnovativeCitiesPage()[pri:0, instance:home.TestSearchPage@55f3ddb1]" name="testInnovativeCitiesPage" duration-ms="0" started-at="2019-10-04T19:14:21 EDT" finished-at="2019-10-04T19:14:21 EDT">
          <reporter-output>
          </reporter-output>
        </test-method> <!-- testInnovativeCitiesPage -->
        <test-method status="PASS" signature="cleanUp()[pri:0, instance:home.TestSearchPage@55f3ddb1]" name="cleanUp" is-config="true" duration-ms="334" started-at="2019-10-04T19:14:22 EDT" finished-at="2019-10-04T19:14:22 EDT">
          <reporter-output>
          </reporter-output>
        </test-method> <!-- cleanUp -->
        <test-method status="PASS" signature="setUp(java.lang.String)[pri:0, instance:home.TestSearchPage@55f3ddb1]" name="setUp" is-config="true" duration-ms="7333" started-at="2019-10-04T19:14:22 EDT" finished-at="2019-10-04T19:14:29 EDT">
          <params>
            <param index="0">
              <value>
                <![CDATA[https://www.cnn.com]]>
              </value>
            </param>
          </params>
          <reporter-output>
          </reporter-output>
        </test-method> <!-- setUp -->
        <test-method status="PASS" signature="afterEachTestMethod(org.testng.ITestResult)[pri:0, instance:home.TestSearchPage@55f3ddb1]" name="afterEachTestMethod" is-config="true" duration-ms="26" started-at="2019-10-04T19:14:29 EDT" finished-at="2019-10-04T19:14:29 EDT">
          <params>
            <param index="0">
              <value>
                <![CDATA[[TestResult name=testSearchCoupons status=SUCCESS method=TestSearchPage.testSearchCoupons()[pri:0, instance:home.TestSearchPage@55f3ddb1] output={null}]]]>
              </value>
            </param>
          </params>
          <reporter-output>
          </reporter-output>
        </test-method> <!-- afterEachTestMethod -->
        <test-method status="PASS" signature="startExtent(java.lang.reflect.Method)[pri:0, instance:home.TestSearchPage@55f3ddb1]" name="startExtent" is-config="true" duration-ms="0" started-at="2019-10-04T19:14:29 EDT" finished-at="2019-10-04T19:14:29 EDT">
          <params>
            <param index="0">
              <value>
                <![CDATA[public void home.TestSearchPage.testSearchCoupons()]]>
              </value>
            </param>
          </params>
          <reporter-output>
          </reporter-output>
        </test-method> <!-- startExtent -->
        <test-method status="PASS" signature="testSearchCoupons()[pri:0, instance:home.TestSearchPage@55f3ddb1]" name="testSearchCoupons" duration-ms="0" started-at="2019-10-04T19:14:29 EDT" finished-at="2019-10-04T19:14:29 EDT">
          <reporter-output>
          </reporter-output>
        </test-method> <!-- testSearchCoupons -->
        <test-method status="PASS" signature="cleanUp()[pri:0, instance:home.TestSearchPage@55f3ddb1]" name="cleanUp" is-config="true" duration-ms="286" started-at="2019-10-04T19:14:29 EDT" finished-at="2019-10-04T19:14:30 EDT">
          <reporter-output>
          </reporter-output>
        </test-method> <!-- cleanUp -->
        <test-method status="PASS" signature="generateReport()[pri:0, instance:home.TestSearchPage@55f3ddb1]" name="generateReport" is-config="true" duration-ms="47" started-at="2019-10-04T19:25:03 EDT" finished-at="2019-10-04T19:25:03 EDT">
          <reporter-output>
          </reporter-output>
        </test-method> <!-- generateReport -->
      </class> <!-- home.TestSearchPage -->
      <class name="home.TestLive">
        <test-method status="PASS" signature="setUp(java.lang.String)[pri:0, instance:home.TestLive@cb5822]" name="setUp" is-config="true" duration-ms="7351" started-at="2019-10-04T19:15:28 EDT" finished-at="2019-10-04T19:15:36 EDT">
          <params>
            <param index="0">
              <value>
                <![CDATA[https://www.cnn.com]]>
              </value>
            </param>
          </params>
          <reporter-output>
          </reporter-output>
        </test-method> <!-- setUp -->
        <test-method status="PASS" signature="testLive()[pri:0, instance:home.TestLive@cb5822]" name="testLive" duration-ms="0" started-at="2019-10-04T19:15:36 EDT" finished-at="2019-10-04T19:15:36 EDT">
          <reporter-output>
          </reporter-output>
        </test-method> <!-- testLive -->
        <test-method status="PASS" signature="startExtent(java.lang.reflect.Method)[pri:0, instance:home.TestLive@cb5822]" name="startExtent" is-config="true" duration-ms="0" started-at="2019-10-04T19:15:36 EDT" finished-at="2019-10-04T19:15:36 EDT">
          <params>
            <param index="0">
              <value>
                <![CDATA[public void home.TestLive.testLive()]]>
              </value>
            </param>
          </params>
          <reporter-output>
          </reporter-output>
        </test-method> <!-- startExtent -->
        <test-method status="PASS" signature="afterEachTestMethod(org.testng.ITestResult)[pri:0, instance:home.TestLive@cb5822]" name="afterEachTestMethod" is-config="true" duration-ms="28" started-at="2019-10-04T19:15:36 EDT" finished-at="2019-10-04T19:15:36 EDT">
          <params>
            <param index="0">
              <value>
                <![CDATA[[TestResult name=testLive status=SUCCESS method=TestLive.testLive()[pri:0, instance:home.TestLive@cb5822] output={null}]]]>
              </value>
            </param>
          </params>
          <reporter-output>
          </reporter-output>
        </test-method> <!-- afterEachTestMethod -->
        <test-method status="PASS" signature="cleanUp()[pri:0, instance:home.TestLive@cb5822]" name="cleanUp" is-config="true" duration-ms="218" started-at="2019-10-04T19:15:36 EDT" finished-at="2019-10-04T19:15:36 EDT">
          <reporter-output>
          </reporter-output>
        </test-method> <!-- cleanUp -->
        <test-method status="PASS" signature="setUp(java.lang.String)[pri:0, instance:home.TestLive@cb5822]" name="setUp" is-config="true" duration-ms="11429" started-at="2019-10-04T19:15:36 EDT" finished-at="2019-10-04T19:15:47 EDT">
          <params>
            <param index="0">
              <value>
                <![CDATA[https://www.cnn.com]]>
              </value>
            </param>
          </params>
          <reporter-output>
          </reporter-output>
        </test-method> <!-- setUp -->
        <test-method status="PASS" signature="startExtent(java.lang.reflect.Method)[pri:0, instance:home.TestLive@cb5822]" name="startExtent" is-config="true" duration-ms="1" started-at="2019-10-04T19:15:47 EDT" finished-at="2019-10-04T19:15:47 EDT">
          <params>
            <param index="0">
              <value>
                <![CDATA[public void home.TestLive.viewChannels()]]>
              </value>
            </param>
          </params>
          <reporter-output>
          </reporter-output>
        </test-method> <!-- startExtent -->
        <test-method status="PASS" signature="viewChannels()[pri:0, instance:home.TestLive@cb5822]" name="viewChannels" duration-ms="0" started-at="2019-10-04T19:15:47 EDT" finished-at="2019-10-04T19:15:47 EDT">
          <reporter-output>
          </reporter-output>
        </test-method> <!-- viewChannels -->
        <test-method status="PASS" signature="afterEachTestMethod(org.testng.ITestResult)[pri:0, instance:home.TestLive@cb5822]" name="afterEachTestMethod" is-config="true" duration-ms="31" started-at="2019-10-04T19:15:47 EDT" finished-at="2019-10-04T19:15:47 EDT">
          <params>
            <param index="0">
              <value>
                <![CDATA[[TestResult name=viewChannels status=SUCCESS method=TestLive.viewChannels()[pri:0, instance:home.TestLive@cb5822] output={null}]]]>
              </value>
            </param>
          </params>
          <reporter-output>
          </reporter-output>
        </test-method> <!-- afterEachTestMethod -->
        <test-method status="PASS" signature="cleanUp()[pri:0, instance:home.TestLive@cb5822]" name="cleanUp" is-config="true" duration-ms="309" started-at="2019-10-04T19:15:47 EDT" finished-at="2019-10-04T19:15:48 EDT">
          <reporter-output>
          </reporter-output>
        </test-method> <!-- cleanUp -->
        <test-method status="PASS" signature="setUp(java.lang.String)[pri:0, instance:home.TestLive@cb5822]" name="setUp" is-config="true" duration-ms="7272" started-at="2019-10-04T19:15:48 EDT" finished-at="2019-10-04T19:15:55 EDT">
          <params>
            <param index="0">
              <value>
                <![CDATA[https://www.cnn.com]]>
              </value>
            </param>
          </params>
          <reporter-output>
          </reporter-output>
        </test-method> <!-- setUp -->
        <test-method status="PASS" signature="startExtent(java.lang.reflect.Method)[pri:0, instance:home.TestLive@cb5822]" name="startExtent" is-config="true" duration-ms="1" started-at="2019-10-04T19:15:55 EDT" finished-at="2019-10-04T19:15:55 EDT">
          <params>
            <param index="0">
              <value>
                <![CDATA[public void home.TestLive.viewShows()]]>
              </value>
            </param>
          </params>
          <reporter-output>
          </reporter-output>
        </test-method> <!-- startExtent -->
        <test-method status="PASS" signature="afterEachTestMethod(org.testng.ITestResult)[pri:0, instance:home.TestLive@cb5822]" name="afterEachTestMethod" is-config="true" duration-ms="29" started-at="2019-10-04T19:15:55 EDT" finished-at="2019-10-04T19:15:55 EDT">
          <params>
            <param index="0">
              <value>
                <![CDATA[[TestResult name=viewShows status=SUCCESS method=TestLive.viewShows()[pri:0, instance:home.TestLive@cb5822] output={null}]]]>
              </value>
            </param>
          </params>
          <reporter-output>
          </reporter-output>
        </test-method> <!-- afterEachTestMethod -->
        <test-method status="PASS" signature="viewShows()[pri:0, instance:home.TestLive@cb5822]" name="viewShows" duration-ms="0" started-at="2019-10-04T19:15:55 EDT" finished-at="2019-10-04T19:15:55 EDT">
          <reporter-output>
          </reporter-output>
        </test-method> <!-- viewShows -->
        <test-method status="PASS" signature="cleanUp()[pri:0, instance:home.TestLive@cb5822]" name="cleanUp" is-config="true" duration-ms="284" started-at="2019-10-04T19:15:55 EDT" finished-at="2019-10-04T19:15:55 EDT">
          <reporter-output>
          </reporter-output>
        </test-method> <!-- cleanUp -->
        <test-method status="PASS" signature="setUp(java.lang.String)[pri:0, instance:home.TestLive@cb5822]" name="setUp" is-config="true" duration-ms="7576" started-at="2019-10-04T19:15:55 EDT" finished-at="2019-10-04T19:16:03 EDT">
          <params>
            <param index="0">
              <value>
                <![CDATA[https://www.cnn.com]]>
              </value>
            </param>
          </params>
          <reporter-output>
          </reporter-output>
        </test-method> <!-- setUp -->
        <test-method status="PASS" signature="startExtent(java.lang.reflect.Method)[pri:0, instance:home.TestLive@cb5822]" name="startExtent" is-config="true" duration-ms="0" started-at="2019-10-04T19:16:03 EDT" finished-at="2019-10-04T19:16:03 EDT">
          <params>
            <param index="0">
              <value>
                <![CDATA[public void home.TestLive.viewsettings()]]>
              </value>
            </param>
          </params>
          <reporter-output>
          </reporter-output>
        </test-method> <!-- startExtent -->
        <test-method status="PASS" signature="viewsettings()[pri:0, instance:home.TestLive@cb5822]" name="viewsettings" duration-ms="0" started-at="2019-10-04T19:16:03 EDT" finished-at="2019-10-04T19:16:03 EDT">
          <reporter-output>
          </reporter-output>
        </test-method> <!-- viewsettings -->
        <test-method status="PASS" signature="afterEachTestMethod(org.testng.ITestResult)[pri:0, instance:home.TestLive@cb5822]" name="afterEachTestMethod" is-config="true" duration-ms="43" started-at="2019-10-04T19:16:03 EDT" finished-at="2019-10-04T19:16:03 EDT">
          <params>
            <param index="0">
              <value>
                <![CDATA[[TestResult name=viewsettings status=SUCCESS method=TestLive.viewsettings()[pri:0, instance:home.TestLive@cb5822] output={null}]]]>
              </value>
            </param>
          </params>
          <reporter-output>
          </reporter-output>
        </test-method> <!-- afterEachTestMethod -->
        <test-method status="PASS" signature="cleanUp()[pri:0, instance:home.TestLive@cb5822]" name="cleanUp" is-config="true" duration-ms="277" started-at="2019-10-04T19:16:03 EDT" finished-at="2019-10-04T19:16:03 EDT">
          <reporter-output>
          </reporter-output>
        </test-method> <!-- cleanUp -->
      </class> <!-- home.TestLive -->
    </test> <!-- CNN HomePage Test -->
  </suite> <!-- CNN Automation Script  -->
</testng-results>
