<?xml version="1.0" encoding="UTF-8"?>
<!-- Generated by org.testng.reporters.JUnitXMLReporter -->
<testsuite hostname="LAPTOP-LNOE2B0V" ignored="0" name="Command line test" tests="11" failures="0" timestamp="2019-09-26T00:06:48 EDT" time="0.059" errors="0">
  <testcase name="@BeforeMethod setUp" time="-1.56947080797E9" classname="base.CommonApi">
    <failure type="org.testng.TestNGException" message="
Parameter &amp;apos;url&amp;apos; is required by BeforeMethod on method setUp but has not been marked @Optional or defined
">
      <![CDATA[org.testng.TestNGException: 
Parameter 'url' is required by BeforeMethod on method setUp but has not been marked @Optional or defined

at java.util.ArrayList.forEach(ArrayList.java:1257)
... Removed 37 stack frames]]>
    </failure>
  </testcase> <!-- @BeforeMethod setUp -->
  <testcase name="@AfterMethod cleanUp" time="-1.569470807984E9" classname="base.CommonApi">
    <skipped/>
  </testcase> <!-- @AfterMethod cleanUp -->
  <testcase name="@BeforeMethod setUp" time="-1.569470807985E9" classname="base.CommonApi">
    <skipped/>
  </testcase> <!-- @BeforeMethod setUp -->
  <testcase name="@AfterMethod cleanUp" time="-1.569470807985E9" classname="base.CommonApi">
    <skipped/>
  </testcase> <!-- @AfterMethod cleanUp -->
  <testcase name="@BeforeMethod setUp" time="-1.569470807986E9" classname="base.CommonApi">
    <skipped/>
  </testcase> <!-- @BeforeMethod setUp -->
  <testcase name="@AfterMethod cleanUp" time="-1.569470807986E9" classname="base.CommonApi">
    <skipped/>
  </testcase> <!-- @AfterMethod cleanUp -->
  <testcase name="@BeforeMethod setUp" time="-1.569470807986E9" classname="base.CommonApi">
    <skipped/>
  </testcase> <!-- @BeforeMethod setUp -->
  <testcase name="@AfterMethod cleanUp" time="-1.569470807987E9" classname="base.CommonApi">
    <skipped/>
  </testcase> <!-- @AfterMethod cleanUp -->
  <testcase name="@BeforeMethod setUp" time="-1.569470807987E9" classname="base.CommonApi">
    <skipped/>
  </testcase> <!-- @BeforeMethod setUp -->
  <testcase name="@AfterMethod cleanUp" time="-1.569470807988E9" classname="base.CommonApi">
    <skipped/>
  </testcase> <!-- @AfterMethod cleanUp -->
  <testcase name="@BeforeMethod setUp" time="-1.569470807988E9" classname="base.CommonApi">
    <skipped/>
  </testcase> <!-- @BeforeMethod setUp -->
  <testcase name="@AfterMethod cleanUp" time="-1.569470807988E9" classname="base.CommonApi">
    <skipped/>
  </testcase> <!-- @AfterMethod cleanUp -->
  <testcase name="@BeforeMethod setUp" time="-1.569470807989E9" classname="base.CommonApi">
    <skipped/>
  </testcase> <!-- @BeforeMethod setUp -->
  <testcase name="@AfterMethod cleanUp" time="-1.569470807989E9" classname="base.CommonApi">
    <skipped/>
  </testcase> <!-- @AfterMethod cleanUp -->
  <testcase name="@BeforeMethod setUp" time="-1.56947080799E9" classname="base.CommonApi">
    <skipped/>
  </testcase> <!-- @BeforeMethod setUp -->
  <testcase name="@AfterMethod cleanUp" time="-1.56947080799E9" classname="base.CommonApi">
    <skipped/>
  </testcase> <!-- @AfterMethod cleanUp -->
  <testcase name="@BeforeMethod setUp" time="-1.569470807991E9" classname="base.CommonApi">
    <skipped/>
  </testcase> <!-- @BeforeMethod setUp -->
  <testcase name="@AfterMethod cleanUp" time="-1.569470807991E9" classname="base.CommonApi">
    <skipped/>
  </testcase> <!-- @AfterMethod cleanUp -->
  <testcase name="@BeforeMethod setUp" time="-1.569470807992E9" classname="base.CommonApi">
    <skipped/>
  </testcase> <!-- @BeforeMethod setUp -->
  <testcase name="@AfterMethod cleanUp" time="-1.569470807992E9" classname="base.CommonApi">
    <skipped/>
  </testcase> <!-- @AfterMethod cleanUp -->
  <testcase name="@BeforeMethod setUp" time="-1.569470807992E9" classname="base.CommonApi">
    <skipped/>
  </testcase> <!-- @BeforeMethod setUp -->
  <testcase name="@AfterMethod cleanUp" time="-1.569470807992E9" classname="base.CommonApi">
    <skipped/>
  </testcase> <!-- @AfterMethod cleanUp -->
  <testcase name="navigateToBusinessPage" time="0.0" classname="home.TestHomePage">
    <skipped/>
  </testcase> <!-- navigateToBusinessPage -->
  <testcase name="navigateToEntertainmentPage" time="0.0" classname="home.TestHomePage">
    <skipped/>
  </testcase> <!-- navigateToEntertainmentPage -->
  <testcase name="navigateToHealthPage" time="0.0" classname="home.TestHomePage">
    <skipped/>
  </testcase> <!-- navigateToHealthPage -->
  <testcase name="navigateToOpinionPage" time="0.0" classname="home.TestHomePage">
    <skipped/>
  </testcase> <!-- navigateToOpinionPage -->
  <testcase name="navigateToPoliticsSection" time="0.0" classname="home.TestHomePage">
    <skipped/>
  </testcase> <!-- navigateToPoliticsSection -->
  <testcase name="navigateToSportsPage" time="0.0" classname="home.TestHomePage">
    <skipped/>
  </testcase> <!-- navigateToSportsPage -->
  <testcase name="navigateToStylePage" time="0.0" classname="home.TestHomePage">
    <skipped/>
  </testcase> <!-- navigateToStylePage -->
  <testcase name="navigateToTravelPage" time="0.0" classname="home.TestHomePage">
    <skipped/>
  </testcase> <!-- navigateToTravelPage -->
  <testcase name="navigateToUsSection" time="0.0" classname="home.TestHomePage">
    <skipped/>
  </testcase> <!-- navigateToUsSection -->
  <testcase name="navigateToWorldSection" time="0.0" classname="home.TestHomePage">
    <skipped/>
  </testcase> <!-- navigateToWorldSection -->
  <testcase name="navigateTovideosPage" time="0.0" classname="home.TestHomePage">
    <skipped/>
  </testcase> <!-- navigateTovideosPage -->
</testsuite> <!-- Command line test -->
