<?xml version="1.0" encoding="UTF-8" ?>
<testsuite tests="33" failures="1" name="home.TestHomePage" time="0.457" errors="0" skipped="32">
  <properties>
[...]
</properties>
  <testcase classname="home.TestHomePage" name="setUp" time="0.431">
    <failure message="
Parameter &apos;url&apos; is required by BeforeMethod on method setUp but has not been marked @Optional or defined
" type="org.testng.TestNGException">org.testng.TestNGException: 
Parameter &apos;url&apos; is required by BeforeMethod on method setUp but has not been marked @Optional or defined

	at org.testng.internal.Parameters.createParams(Parameters.java:289)
	at org.testng.internal.Parameters.createParametersForMethod(Parameters.java:377)
	at org.testng.internal.Parameters.createParameters(Parameters.java:721)
	at org.testng.internal.Parameters.createConfigurationParameters(Parameters.java:164)
	at org.testng.internal.ConfigInvoker.invokeConfigurations(ConfigInvoker.java:275)
	at org.testng.internal.TestInvoker.runConfigMethods(TestInvoker.java:683)
	at org.testng.internal.TestInvoker.invokeMethod(TestInvoker.java:510)
	at org.testng.internal.TestInvoker.invokeTestMethod(TestInvoker.java:172)
	at org.testng.internal.MethodRunner.runInSequence(MethodRunner.java:46)
	at org.testng.internal.TestInvoker$MethodInvocationAgent.invoke(TestInvoker.java:804)
	at org.testng.internal.TestInvoker.invokeTestMethods(TestInvoker.java:145)
	at org.testng.internal.TestMethodWorker.invokeTestMethods(TestMethodWorker.java:146)
	at org.testng.internal.TestMethodWorker.run(TestMethodWorker.java:128)
	at java.util.ArrayList.forEach(ArrayList.java:1257)
	at org.testng.TestRunner.privateRun(TestRunner.java:770)
	at org.testng.TestRunner.run(TestRunner.java:591)
	at org.testng.SuiteRunner.runTest(SuiteRunner.java:402)
	at org.testng.SuiteRunner.runSequentially(SuiteRunner.java:396)
	at org.testng.SuiteRunner.privateRun(SuiteRunner.java:355)
	at org.testng.SuiteRunner.run(SuiteRunner.java:304)
	at org.testng.SuiteRunnerWorker.runSuite(SuiteRunnerWorker.java:53)
	at org.testng.SuiteRunnerWorker.run(SuiteRunnerWorker.java:96)
	at org.testng.TestNG.runSuitesSequentially(TestNG.java:1180)
	at org.testng.TestNG.runSuitesLocally(TestNG.java:1102)
	at org.testng.TestNG.runSuites(TestNG.java:1032)
	at org.testng.TestNG.run(TestNG.java:1000)
	at org.apache.maven.surefire.testng.TestNGExecutor.run(TestNGExecutor.java:77)
	at org.apache.maven.surefire.testng.TestNGDirectoryTestSuite.execute(TestNGDirectoryTestSuite.java:110)
	at org.apache.maven.surefire.testng.TestNGProvider.invoke(TestNGProvider.java:106)
	at sun.reflect.NativeMethodAccessorImpl.invoke0(Native Method)
	at sun.reflect.NativeMethodAccessorImpl.invoke(NativeMethodAccessorImpl.java:62)
	at sun.reflect.DelegatingMethodAccessorImpl.invoke(DelegatingMethodAccessorImpl.java:43)
	at java.lang.reflect.Method.invoke(Method.java:498)
	at org.apache.maven.surefire.util.ReflectionUtils.invokeMethodWithArray(ReflectionUtils.java:189)
	at org.apache.maven.surefire.booter.ProviderFactory$ProviderProxy.invoke(ProviderFactory.java:165)
	at org.apache.maven.surefire.booter.ProviderFactory.invokeProvider(ProviderFactory.java:85)
	at org.apache.maven.surefire.booter.ForkedBooter.runSuitesInProcess(ForkedBooter.java:115)
	at org.apache.maven.surefire.booter.ForkedBooter.main(ForkedBooter.java:75)
</failure>
    <system-out>Configuring TestNG with: org.apache.maven.surefire.testng.conf.TestNG652Configurator@3c679bde
</system-out>
  </testcase>
  <testcase classname="home.TestHomePage" name="navigateToBusinessPage" time="0.004">
    <skipped/>
  </testcase>
  <testcase classname="home.TestHomePage" name="cleanUp" time="0.005">
    <skipped/>
  </testcase>
  <testcase classname="home.TestHomePage" name="setUp" time="0.005">
    <skipped/>
  </testcase>
  <testcase classname="home.TestHomePage" name="navigateToEntertainmentPage" time="0">
    <skipped/>
  </testcase>
  <testcase classname="home.TestHomePage" name="cleanUp" time="0.001">
    <skipped/>
  </testcase>
  <testcase classname="home.TestHomePage" name="setUp" time="0.001">
    <skipped/>
  </testcase>
  <testcase classname="home.TestHomePage" name="navigateToHealthPage" time="0">
    <skipped/>
  </testcase>
  <testcase classname="home.TestHomePage" name="cleanUp" time="0">
    <skipped/>
  </testcase>
  <testcase classname="home.TestHomePage" name="setUp" time="0.001">
    <skipped/>
  </testcase>
  <testcase classname="home.TestHomePage" name="navigateToOpinionPage" time="0">
    <skipped/>
  </testcase>
  <testcase classname="home.TestHomePage" name="cleanUp" time="0">
    <skipped/>
  </testcase>
  <testcase classname="home.TestHomePage" name="setUp" time="0">
    <skipped/>
  </testcase>
  <testcase classname="home.TestHomePage" name="navigateToPoliticsSection" time="0">
    <skipped/>
  </testcase>
  <testcase classname="home.TestHomePage" name="cleanUp" time="0">
    <skipped/>
  </testcase>
  <testcase classname="home.TestHomePage" name="setUp" time="0">
    <skipped/>
  </testcase>
  <testcase classname="home.TestHomePage" name="navigateToSportsPage" time="0.001">
    <skipped/>
  </testcase>
  <testcase classname="home.TestHomePage" name="cleanUp" time="0.001">
    <skipped/>
  </testcase>
  <testcase classname="home.TestHomePage" name="setUp" time="0.001">
    <skipped/>
  </testcase>
  <testcase classname="home.TestHomePage" name="navigateToStylePage" time="0">
    <skipped/>
  </testcase>
  <testcase classname="home.TestHomePage" name="cleanUp" time="0.001">
    <skipped/>
  </testcase>
  <testcase classname="home.TestHomePage" name="setUp" time="0.001">
    <skipped/>
  </testcase>
  <testcase classname="home.TestHomePage" name="navigateToTravelPage" time="0">
    <skipped/>
  </testcase>
  <testcase classname="home.TestHomePage" name="cleanUp" time="0.001">
    <skipped/>
  </testcase>
  <testcase classname="home.TestHomePage" name="setUp" time="0.001">
    <skipped/>
  </testcase>
  <testcase classname="home.TestHomePage" name="navigateToUsSection" time="0">
    <skipped/>
  </testcase>
  <testcase classname="home.TestHomePage" name="cleanUp" time="0">
    <skipped/>
  </testcase>
  <testcase classname="home.TestHomePage" name="setUp" time="0.001">
    <skipped/>
  </testcase>
  <testcase classname="home.TestHomePage" name="navigateToWorldSection" time="0">
    <skipped/>
  </testcase>
  <testcase classname="home.TestHomePage" name="cleanUp" time="0">
    <skipped/>
  </testcase>
  <testcase classname="home.TestHomePage" name="setUp" time="0">
    <skipped/>
  </testcase>
  <testcase classname="home.TestHomePage" name="navigateTovideosPage" time="0">
    <skipped/>
  </testcase>
  <testcase classname="home.TestHomePage" name="cleanUp" time="0.001">
    <skipped/>
  </testcase>
</testsuite>